{"C:\\Users\\areeb\\Documents\\code\\ERP\\app\\frontend\\src\\env.ts": {"path":"C:\\Users\\areeb\\Documents\\code\\ERP\\app\\frontend\\src\\env.ts","all":false,"statementMap":{"0":{"start":{"line":1,"column":0},"end":{"line":1,"column":45}},"1":{"start":{"line":2,"column":0},"end":{"line":2,"column":24}},"3":{"start":{"line":4,"column":0},"end":{"line":4,"column":30}},"4":{"start":{"line":5,"column":0},"end":{"line":5,"column":24}},"5":{"start":{"line":6,"column":0},"end":{"line":6,"column":11}},"6":{"start":{"line":7,"column":0},"end":{"line":7,"column":35}},"7":{"start":{"line":8,"column":0},"end":{"line":8,"column":18}},"8":{"start":{"line":9,"column":0},"end":{"line":9,"column":15}},"9":{"start":{"line":10,"column":0},"end":{"line":10,"column":12}},"10":{"start":{"line":11,"column":0},"end":{"line":11,"column":14}},"11":{"start":{"line":12,"column":0},"end":{"line":12,"column":77}},"12":{"start":{"line":13,"column":0},"end":{"line":13,"column":9}},"13":{"start":{"line":14,"column":0},"end":{"line":14,"column":57}},"14":{"start":{"line":15,"column":0},"end":{"line":15,"column":9}},"15":{"start":{"line":16,"column":0},"end":{"line":16,"column":8}},"16":{"start":{"line":17,"column":0},"end":{"line":17,"column":32}},"17":{"start":{"line":18,"column":0},"end":{"line":18,"column":33}},"18":{"start":{"line":19,"column":0},"end":{"line":19,"column":75}},"19":{"start":{"line":20,"column":0},"end":{"line":20,"column":4}},"20":{"start":{"line":21,"column":0},"end":{"line":21,"column":76}},"21":{"start":{"line":22,"column":0},"end":{"line":22,"column":3}}},"s":{"0":1,"1":1,"3":1,"4":1,"5":1,"6":1,"7":1,"8":1,"9":1,"10":1,"11":1,"12":1,"13":1,"14":1,"15":1,"16":1,"17":1,"18":1,"19":1,"20":1,"21":1},"branchMap":{"0":{"type":"branch","line":21,"loc":{"start":{"line":21,"column":46},"end":{"line":21,"column":76}},"locations":[{"start":{"line":21,"column":46},"end":{"line":21,"column":76}}]},"1":{"type":"branch","line":12,"loc":{"start":{"line":12,"column":8},"end":{"line":12,"column":77}},"locations":[{"start":{"line":12,"column":8},"end":{"line":12,"column":77}}]},"2":{"type":"branch","line":12,"loc":{"start":{"line":12,"column":47},"end":{"line":12,"column":77}},"locations":[{"start":{"line":12,"column":47},"end":{"line":12,"column":77}}]}},"b":{"0":[0],"1":[2],"2":[0]},"fnMap":{"0":{"name":"env.client.VITE_WS_URL.__vite_ssr_import_1__.z.string.url.refine.message","decl":{"start":{"line":12,"column":8},"end":{"line":12,"column":77}},"loc":{"start":{"line":12,"column":8},"end":{"line":12,"column":77}},"line":12}},"f":{"0":2}}
,"C:\\Users\\areeb\\Documents\\code\\ERP\\app\\frontend\\src\\routeTree.gen.ts": {"path":"C:\\Users\\areeb\\Documents\\code\\ERP\\app\\frontend\\src\\routeTree.gen.ts","all":true,"statementMap":{"10":{"start":{"line":11,"column":0},"end":{"line":11,"column":58}},"11":{"start":{"line":12,"column":0},"end":{"line":12,"column":57}},"12":{"start":{"line":13,"column":0},"end":{"line":13,"column":55}},"13":{"start":{"line":14,"column":0},"end":{"line":14,"column":66}},"14":{"start":{"line":15,"column":0},"end":{"line":15,"column":68}},"15":{"start":{"line":16,"column":0},"end":{"line":16,"column":85}},"16":{"start":{"line":17,"column":0},"end":{"line":17,"column":74}},"17":{"start":{"line":18,"column":0},"end":{"line":18,"column":68}},"18":{"start":{"line":19,"column":0},"end":{"line":19,"column":87}},"19":{"start":{"line":20,"column":0},"end":{"line":20,"column":89}},"21":{"start":{"line":22,"column":0},"end":{"line":22,"column":42}},"22":{"start":{"line":23,"column":0},"end":{"line":23,"column":15}},"23":{"start":{"line":24,"column":0},"end":{"line":24,"column":40}},"24":{"start":{"line":25,"column":0},"end":{"line":25,"column":9}},"25":{"start":{"line":26,"column":0},"end":{"line":26,"column":40}},"26":{"start":{"line":27,"column":0},"end":{"line":27,"column":14}},"27":{"start":{"line":28,"column":0},"end":{"line":28,"column":40}},"28":{"start":{"line":29,"column":0},"end":{"line":29,"column":9}},"29":{"start":{"line":30,"column":0},"end":{"line":30,"column":50}},"30":{"start":{"line":31,"column":0},"end":{"line":31,"column":10}},"31":{"start":{"line":32,"column":0},"end":{"line":32,"column":12}},"32":{"start":{"line":33,"column":0},"end":{"line":33,"column":33}},"33":{"start":{"line":34,"column":0},"end":{"line":34,"column":9}},"34":{"start":{"line":35,"column":0},"end":{"line":35,"column":52}},"35":{"start":{"line":36,"column":0},"end":{"line":36,"column":21}},"36":{"start":{"line":37,"column":0},"end":{"line":37,"column":18}},"37":{"start":{"line":38,"column":0},"end":{"line":38,"column":40}},"38":{"start":{"line":39,"column":0},"end":{"line":39,"column":9}},"39":{"start":{"line":40,"column":0},"end":{"line":40,"column":68}},"40":{"start":{"line":41,"column":0},"end":{"line":41,"column":24}},"41":{"start":{"line":42,"column":0},"end":{"line":42,"column":26}},"42":{"start":{"line":43,"column":0},"end":{"line":43,"column":34}},"43":{"start":{"line":44,"column":0},"end":{"line":44,"column":9}},"44":{"start":{"line":45,"column":0},"end":{"line":45,"column":58}},"45":{"start":{"line":46,"column":0},"end":{"line":46,"column":18}},"46":{"start":{"line":47,"column":0},"end":{"line":47,"column":20}},"47":{"start":{"line":48,"column":0},"end":{"line":48,"column":34}},"48":{"start":{"line":49,"column":0},"end":{"line":49,"column":9}},"49":{"start":{"line":50,"column":0},"end":{"line":50,"column":52}},"50":{"start":{"line":51,"column":0},"end":{"line":51,"column":15}},"51":{"start":{"line":52,"column":0},"end":{"line":52,"column":17}},"52":{"start":{"line":53,"column":0},"end":{"line":53,"column":34}},"53":{"start":{"line":54,"column":0},"end":{"line":54,"column":9}},"54":{"start":{"line":55,"column":0},"end":{"line":55,"column":70}},"55":{"start":{"line":56,"column":0},"end":{"line":56,"column":25}},"56":{"start":{"line":57,"column":0},"end":{"line":57,"column":27}},"57":{"start":{"line":58,"column":0},"end":{"line":58,"column":34}},"58":{"start":{"line":59,"column":0},"end":{"line":59,"column":9}},"59":{"start":{"line":60,"column":0},"end":{"line":60,"column":72}},"60":{"start":{"line":61,"column":0},"end":{"line":61,"column":27}},"61":{"start":{"line":62,"column":0},"end":{"line":62,"column":29}},"62":{"start":{"line":63,"column":0},"end":{"line":63,"column":33}},"63":{"start":{"line":64,"column":0},"end":{"line":64,"column":9}},"206":{"start":{"line":207,"column":0},"end":{"line":207,"column":44}},"207":{"start":{"line":208,"column":0},"end":{"line":208,"column":31}},"208":{"start":{"line":209,"column":0},"end":{"line":209,"column":53}},"209":{"start":{"line":210,"column":0},"end":{"line":210,"column":1}},"211":{"start":{"line":212,"column":0},"end":{"line":212,"column":72}},"220":{"start":{"line":221,"column":0},"end":{"line":221,"column":46}},"221":{"start":{"line":222,"column":0},"end":{"line":222,"column":51}},"222":{"start":{"line":223,"column":0},"end":{"line":223,"column":33}},"223":{"start":{"line":224,"column":0},"end":{"line":224,"column":39}},"224":{"start":{"line":225,"column":0},"end":{"line":225,"column":49}},"225":{"start":{"line":226,"column":0},"end":{"line":226,"column":1}},"227":{"start":{"line":228,"column":0},"end":{"line":228,"column":75}},"229":{"start":{"line":230,"column":0},"end":{"line":230,"column":46}},"230":{"start":{"line":231,"column":0},"end":{"line":231,"column":33}},"231":{"start":{"line":232,"column":0},"end":{"line":232,"column":35}},"232":{"start":{"line":233,"column":0},"end":{"line":233,"column":33}},"233":{"start":{"line":234,"column":0},"end":{"line":234,"column":1}},"234":{"start":{"line":235,"column":0},"end":{"line":235,"column":40}},"235":{"start":{"line":236,"column":0},"end":{"line":236,"column":38}},"236":{"start":{"line":237,"column":0},"end":{"line":237,"column":34}}},"s":{"10":0,"11":0,"12":0,"13":0,"14":0,"15":0,"16":0,"17":0,"18":0,"19":0,"21":0,"22":0,"23":0,"24":0,"25":0,"26":0,"27":0,"28":0,"29":0,"30":0,"31":0,"32":0,"33":0,"34":0,"35":0,"36":0,"37":0,"38":0,"39":0,"40":0,"41":0,"42":0,"43":0,"44":0,"45":0,"46":0,"47":0,"48":0,"49":0,"50":0,"51":0,"52":0,"53":0,"54":0,"55":0,"56":0,"57":0,"58":0,"59":0,"60":0,"61":0,"62":0,"63":0,"206":0,"207":0,"208":0,"209":0,"211":0,"220":0,"221":0,"222":0,"223":0,"224":0,"225":0,"227":0,"229":0,"230":0,"231":0,"232":0,"233":0,"234":0,"235":0,"236":0},"branchMap":{"0":{"type":"branch","line":1,"loc":{"start":{"line":1,"column":7539},"end":{"line":246,"column":1}},"locations":[{"start":{"line":1,"column":7539},"end":{"line":246,"column":1}}]}},"b":{"0":[1]},"fnMap":{"0":{"name":"(empty-report)","decl":{"start":{"line":1,"column":7539},"end":{"line":246,"column":1}},"loc":{"start":{"line":1,"column":7539},"end":{"line":246,"column":1}},"line":1}},"f":{"0":1}}
,"C:\\Users\\areeb\\Documents\\code\\ERP\\app\\frontend\\src\\router.tsx": {"path":"C:\\Users\\areeb\\Documents\\code\\ERP\\app\\frontend\\src\\router.tsx","all":true,"statementMap":{"0":{"start":{"line":1,"column":0},"end":{"line":1,"column":73}},"1":{"start":{"line":2,"column":0},"end":{"line":2,"column":54}},"4":{"start":{"line":5,"column":0},"end":{"line":5,"column":44}},"7":{"start":{"line":8,"column":0},"end":{"line":8,"column":32}},"8":{"start":{"line":9,"column":0},"end":{"line":9,"column":39}},"9":{"start":{"line":10,"column":0},"end":{"line":10,"column":21}},"10":{"start":{"line":11,"column":0},"end":{"line":11,"column":16}},"11":{"start":{"line":12,"column":0},"end":{"line":12,"column":41}},"12":{"start":{"line":13,"column":0},"end":{"line":13,"column":8}},"13":{"start":{"line":14,"column":0},"end":{"line":14,"column":6}},"14":{"start":{"line":15,"column":0},"end":{"line":15,"column":5}},"16":{"start":{"line":17,"column":0},"end":{"line":17,"column":31}},"17":{"start":{"line":18,"column":0},"end":{"line":18,"column":14}},"18":{"start":{"line":19,"column":0},"end":{"line":19,"column":28}},"19":{"start":{"line":20,"column":0},"end":{"line":20,"column":31}},"20":{"start":{"line":21,"column":0},"end":{"line":21,"column":14}},"21":{"start":{"line":22,"column":0},"end":{"line":22,"column":18}},"22":{"start":{"line":23,"column":0},"end":{"line":23,"column":6}},"23":{"start":{"line":24,"column":0},"end":{"line":24,"column":29}},"24":{"start":{"line":25,"column":0},"end":{"line":25,"column":14}},"25":{"start":{"line":26,"column":0},"end":{"line":26,"column":50}},"26":{"start":{"line":27,"column":0},"end":{"line":27,"column":20}},"27":{"start":{"line":28,"column":0},"end":{"line":28,"column":30}},"29":{"start":{"line":30,"column":0},"end":{"line":30,"column":6}},"30":{"start":{"line":31,"column":0},"end":{"line":31,"column":5}},"32":{"start":{"line":33,"column":0},"end":{"line":33,"column":16}},"33":{"start":{"line":34,"column":0},"end":{"line":34,"column":2}}},"s":{"0":0,"1":0,"4":0,"7":0,"8":0,"9":0,"10":0,"11":0,"12":0,"13":0,"14":0,"16":0,"17":0,"18":0,"19":0,"20":0,"21":0,"22":0,"23":0,"24":0,"25":0,"26":0,"27":0,"29":0,"30":0,"32":0,"33":0},"branchMap":{"0":{"type":"branch","line":1,"loc":{"start":{"line":1,"column":759},"end":{"line":34,"column":2}},"locations":[{"start":{"line":1,"column":759},"end":{"line":34,"column":2}}]}},"b":{"0":[0]},"fnMap":{"0":{"name":"(empty-report)","decl":{"start":{"line":1,"column":759},"end":{"line":34,"column":2}},"loc":{"start":{"line":1,"column":759},"end":{"line":34,"column":2}},"line":1}},"f":{"0":0}}
,"C:\\Users\\areeb\\Documents\\code\\ERP\\app\\frontend\\src\\components\\app\\AppShell.tsx": {"path":"C:\\Users\\areeb\\Documents\\code\\ERP\\app\\frontend\\src\\components\\app\\AppShell.tsx","all":true,"statementMap":{"1":{"start":{"line":2,"column":0},"end":{"line":2,"column":44}},"2":{"start":{"line":3,"column":0},"end":{"line":3,"column":40}},"3":{"start":{"line":4,"column":0},"end":{"line":4,"column":36}},"4":{"start":{"line":5,"column":0},"end":{"line":5,"column":34}},"6":{"start":{"line":7,"column":0},"end":{"line":7,"column":65}},"7":{"start":{"line":8,"column":0},"end":{"line":8,"column":44}},"8":{"start":{"line":9,"column":0},"end":{"line":9,"column":54}},"10":{"start":{"line":11,"column":0},"end":{"line":11,"column":19}},"11":{"start":{"line":12,"column":0},"end":{"line":12,"column":49}},"12":{"start":{"line":13,"column":0},"end":{"line":13,"column":46}},"13":{"start":{"line":14,"column":0},"end":{"line":14,"column":70}},"14":{"start":{"line":15,"column":0},"end":{"line":15,"column":12}},"15":{"start":{"line":16,"column":0},"end":{"line":16,"column":27}},"16":{"start":{"line":17,"column":0},"end":{"line":17,"column":5}},"17":{"start":{"line":18,"column":0},"end":{"line":18,"column":41}},"18":{"start":{"line":19,"column":0},"end":{"line":19,"column":25}},"20":{"start":{"line":21,"column":0},"end":{"line":21,"column":10}},"21":{"start":{"line":22,"column":0},"end":{"line":22,"column":39}},"22":{"start":{"line":23,"column":0},"end":{"line":23,"column":17}},"23":{"start":{"line":24,"column":0},"end":{"line":24,"column":52}},"24":{"start":{"line":25,"column":0},"end":{"line":25,"column":24}},"25":{"start":{"line":26,"column":0},"end":{"line":26,"column":112}},"27":{"start":{"line":28,"column":0},"end":{"line":28,"column":16}},"29":{"start":{"line":30,"column":0},"end":{"line":30,"column":18}},"30":{"start":{"line":31,"column":0},"end":{"line":31,"column":80}},"31":{"start":{"line":32,"column":0},"end":{"line":32,"column":12}},"32":{"start":{"line":33,"column":0},"end":{"line":33,"column":10}},"34":{"start":{"line":35,"column":0},"end":{"line":35,"column":1}}},"s":{"1":0,"2":0,"3":0,"4":0,"6":0,"7":0,"8":0,"10":0,"11":0,"12":0,"13":0,"14":0,"15":0,"16":0,"17":0,"18":0,"20":0,"21":0,"22":0,"23":0,"24":0,"25":0,"27":0,"29":0,"30":0,"31":0,"32":0,"34":0},"branchMap":{"0":{"type":"branch","line":1,"loc":{"start":{"line":1,"column":1136},"end":{"line":35,"column":1}},"locations":[{"start":{"line":1,"column":1136},"end":{"line":35,"column":1}}]}},"b":{"0":[1]},"fnMap":{"0":{"name":"(empty-report)","decl":{"start":{"line":1,"column":1136},"end":{"line":35,"column":1}},"loc":{"start":{"line":1,"column":1136},"end":{"line":35,"column":1}},"line":1}},"f":{"0":1}}
,"C:\\Users\\areeb\\Documents\\code\\ERP\\app\\frontend\\src\\components\\app\\Breadcrumbs.tsx": {"path":"C:\\Users\\areeb\\Documents\\code\\ERP\\app\\frontend\\src\\components\\app\\Breadcrumbs.tsx","all":true,"statementMap":{"0":{"start":{"line":1,"column":0},"end":{"line":1,"column":62}},"1":{"start":{"line":2,"column":0},"end":{"line":2,"column":49}},"2":{"start":{"line":3,"column":0},"end":{"line":3,"column":58}},"4":{"start":{"line":5,"column":0},"end":{"line":5,"column":31}},"5":{"start":{"line":6,"column":0},"end":{"line":6,"column":31}},"7":{"start":{"line":8,"column":0},"end":{"line":8,"column":29}},"8":{"start":{"line":9,"column":0},"end":{"line":9,"column":12}},"9":{"start":{"line":10,"column":0},"end":{"line":10,"column":16}},"10":{"start":{"line":11,"column":0},"end":{"line":11,"column":37}},"11":{"start":{"line":12,"column":0},"end":{"line":12,"column":65}},"12":{"start":{"line":13,"column":0},"end":{"line":13,"column":5}},"13":{"start":{"line":14,"column":0},"end":{"line":14,"column":22}},"14":{"start":{"line":15,"column":0},"end":{"line":15,"column":69}},"15":{"start":{"line":16,"column":0},"end":{"line":16,"column":27}},"16":{"start":{"line":17,"column":0},"end":{"line":17,"column":8}},"18":{"start":{"line":19,"column":0},"end":{"line":19,"column":43}},"20":{"start":{"line":21,"column":0},"end":{"line":21,"column":10}},"21":{"start":{"line":22,"column":0},"end":{"line":22,"column":33}},"22":{"start":{"line":23,"column":0},"end":{"line":23,"column":88}},"23":{"start":{"line":24,"column":0},"end":{"line":24,"column":44}},"24":{"start":{"line":25,"column":0},"end":{"line":25,"column":58}},"25":{"start":{"line":26,"column":0},"end":{"line":26,"column":18}},"26":{"start":{"line":27,"column":0},"end":{"line":27,"column":71}},"27":{"start":{"line":28,"column":0},"end":{"line":28,"column":80}},"28":{"start":{"line":29,"column":0},"end":{"line":29,"column":25}},"29":{"start":{"line":30,"column":0},"end":{"line":30,"column":21}},"30":{"start":{"line":31,"column":0},"end":{"line":31,"column":37}},"31":{"start":{"line":32,"column":0},"end":{"line":32,"column":57}},"33":{"start":{"line":34,"column":0},"end":{"line":34,"column":31}},"34":{"start":{"line":35,"column":0},"end":{"line":35,"column":23}},"36":{"start":{"line":37,"column":0},"end":{"line":37,"column":21}},"37":{"start":{"line":38,"column":0},"end":{"line":38,"column":33}},"38":{"start":{"line":39,"column":0},"end":{"line":39,"column":69}},"40":{"start":{"line":41,"column":0},"end":{"line":41,"column":31}},"41":{"start":{"line":42,"column":0},"end":{"line":42,"column":23}},"43":{"start":{"line":44,"column":0},"end":{"line":44,"column":17}},"45":{"start":{"line":46,"column":0},"end":{"line":46,"column":11}},"46":{"start":{"line":47,"column":0},"end":{"line":47,"column":11}},"47":{"start":{"line":48,"column":0},"end":{"line":48,"column":10}},"49":{"start":{"line":50,"column":0},"end":{"line":50,"column":1}}},"s":{"0":0,"1":0,"2":0,"4":0,"5":0,"7":0,"8":0,"9":0,"10":0,"11":0,"12":0,"13":0,"14":0,"15":0,"16":0,"18":0,"20":0,"21":0,"22":0,"23":0,"24":0,"25":0,"26":0,"27":0,"28":0,"29":0,"30":0,"31":0,"33":0,"34":0,"36":0,"37":0,"38":0,"40":0,"41":0,"43":0,"45":0,"46":0,"47":0,"49":0},"branchMap":{"0":{"type":"branch","line":1,"loc":{"start":{"line":1,"column":1521},"end":{"line":50,"column":1}},"locations":[{"start":{"line":1,"column":1521},"end":{"line":50,"column":1}}]}},"b":{"0":[0]},"fnMap":{"0":{"name":"(empty-report)","decl":{"start":{"line":1,"column":1521},"end":{"line":50,"column":1}},"loc":{"start":{"line":1,"column":1521},"end":{"line":50,"column":1}},"line":1}},"f":{"0":0}}
,"C:\\Users\\areeb\\Documents\\code\\ERP\\app\\frontend\\src\\components\\app\\CommandPalette.tsx": {"path":"C:\\Users\\areeb\\Documents\\code\\ERP\\app\\frontend\\src\\components\\app\\CommandPalette.tsx","all":true,"statementMap":{"0":{"start":{"line":1,"column":0},"end":{"line":1,"column":53}},"1":{"start":{"line":2,"column":0},"end":{"line":2,"column":34}},"2":{"start":{"line":3,"column":0},"end":{"line":3,"column":8}},"10":{"start":{"line":11,"column":0},"end":{"line":11,"column":58}},"11":{"start":{"line":12,"column":0},"end":{"line":12,"column":48}},"13":{"start":{"line":14,"column":0},"end":{"line":14,"column":32}},"14":{"start":{"line":15,"column":0},"end":{"line":15,"column":7}},"15":{"start":{"line":16,"column":0},"end":{"line":16,"column":10}},"16":{"start":{"line":17,"column":0},"end":{"line":17,"column":4}},"19":{"start":{"line":20,"column":0},"end":{"line":20,"column":4}},"20":{"start":{"line":21,"column":0},"end":{"line":21,"column":40}},"21":{"start":{"line":22,"column":0},"end":{"line":22,"column":33}},"23":{"start":{"line":24,"column":0},"end":{"line":24,"column":19}},"24":{"start":{"line":25,"column":0},"end":{"line":25,"column":40}},"25":{"start":{"line":26,"column":0},"end":{"line":26,"column":54}},"26":{"start":{"line":27,"column":0},"end":{"line":27,"column":27}},"27":{"start":{"line":28,"column":0},"end":{"line":28,"column":23}},"28":{"start":{"line":29,"column":0},"end":{"line":29,"column":7}},"29":{"start":{"line":30,"column":0},"end":{"line":30,"column":6}},"31":{"start":{"line":32,"column":0},"end":{"line":32,"column":47}},"32":{"start":{"line":33,"column":0},"end":{"line":33,"column":63}},"33":{"start":{"line":34,"column":0},"end":{"line":34,"column":22}},"35":{"start":{"line":36,"column":0},"end":{"line":36,"column":47}},"36":{"start":{"line":37,"column":0},"end":{"line":37,"column":19}},"37":{"start":{"line":38,"column":0},"end":{"line":38,"column":14}},"38":{"start":{"line":39,"column":0},"end":{"line":39,"column":4}},"40":{"start":{"line":41,"column":0},"end":{"line":41,"column":10}},"41":{"start":{"line":42,"column":0},"end":{"line":42,"column":54}},"42":{"start":{"line":43,"column":0},"end":{"line":43,"column":64}},"43":{"start":{"line":44,"column":0},"end":{"line":44,"column":19}},"44":{"start":{"line":45,"column":0},"end":{"line":45,"column":54}},"45":{"start":{"line":46,"column":0},"end":{"line":46,"column":42}},"46":{"start":{"line":47,"column":0},"end":{"line":47,"column":61}},"47":{"start":{"line":48,"column":0},"end":{"line":48,"column":54}},"48":{"start":{"line":49,"column":0},"end":{"line":49,"column":23}},"49":{"start":{"line":50,"column":0},"end":{"line":50,"column":47}},"50":{"start":{"line":51,"column":0},"end":{"line":51,"column":44}},"51":{"start":{"line":52,"column":0},"end":{"line":52,"column":14}},"52":{"start":{"line":53,"column":0},"end":{"line":53,"column":13}},"54":{"start":{"line":55,"column":0},"end":{"line":55,"column":53}},"56":{"start":{"line":57,"column":0},"end":{"line":57,"column":18}},"57":{"start":{"line":58,"column":0},"end":{"line":58,"column":64}},"58":{"start":{"line":59,"column":0},"end":{"line":59,"column":43}},"59":{"start":{"line":60,"column":0},"end":{"line":60,"column":28}},"60":{"start":{"line":61,"column":0},"end":{"line":61,"column":33}},"61":{"start":{"line":62,"column":0},"end":{"line":62,"column":80}},"63":{"start":{"line":64,"column":0},"end":{"line":64,"column":42}},"64":{"start":{"line":65,"column":0},"end":{"line":65,"column":30}},"65":{"start":{"line":66,"column":0},"end":{"line":66,"column":17}},"66":{"start":{"line":67,"column":0},"end":{"line":67,"column":27}},"68":{"start":{"line":69,"column":0},"end":{"line":69,"column":11}},"69":{"start":{"line":70,"column":0},"end":{"line":70,"column":20}},"70":{"start":{"line":71,"column":0},"end":{"line":71,"column":20}},"72":{"start":{"line":73,"column":0},"end":{"line":73,"column":1}}},"s":{"0":0,"1":0,"2":0,"10":0,"11":0,"13":0,"14":0,"15":0,"16":0,"19":0,"20":0,"21":0,"23":0,"24":0,"25":0,"26":0,"27":0,"28":0,"29":0,"31":0,"32":0,"33":0,"35":0,"36":0,"37":0,"38":0,"40":0,"41":0,"42":0,"43":0,"44":0,"45":0,"46":0,"47":0,"48":0,"49":0,"50":0,"51":0,"52":0,"54":0,"56":0,"57":0,"58":0,"59":0,"60":0,"61":0,"63":0,"64":0,"65":0,"66":0,"68":0,"69":0,"70":0,"72":0},"branchMap":{"0":{"type":"branch","line":1,"loc":{"start":{"line":1,"column":1987},"end":{"line":73,"column":1}},"locations":[{"start":{"line":1,"column":1987},"end":{"line":73,"column":1}}]}},"b":{"0":[0]},"fnMap":{"0":{"name":"(empty-report)","decl":{"start":{"line":1,"column":1987},"end":{"line":73,"column":1}},"loc":{"start":{"line":1,"column":1987},"end":{"line":73,"column":1}},"line":1}},"f":{"0":0}}
,"C:\\Users\\areeb\\Documents\\code\\ERP\\app\\frontend\\src\\components\\app\\DataTable.tsx": {"path":"C:\\Users\\areeb\\Documents\\code\\ERP\\app\\frontend\\src\\components\\app\\DataTable.tsx","all":true,"statementMap":{"0":{"start":{"line":1,"column":0},"end":{"line":1,"column":76}},"1":{"start":{"line":2,"column":0},"end":{"line":2,"column":49}},"2":{"start":{"line":3,"column":0},"end":{"line":3,"column":49}},"3":{"start":{"line":4,"column":0},"end":{"line":4,"column":8}},"12":{"start":{"line":13,"column":0},"end":{"line":13,"column":57}},"13":{"start":{"line":14,"column":0},"end":{"line":14,"column":68}},"14":{"start":{"line":15,"column":0},"end":{"line":15,"column":48}},"35":{"start":{"line":36,"column":0},"end":{"line":36,"column":42}},"36":{"start":{"line":37,"column":0},"end":{"line":37,"column":10}},"37":{"start":{"line":38,"column":0},"end":{"line":38,"column":11}},"38":{"start":{"line":39,"column":0},"end":{"line":39,"column":10}},"39":{"start":{"line":40,"column":0},"end":{"line":40,"column":10}},"40":{"start":{"line":41,"column":0},"end":{"line":41,"column":14}},"41":{"start":{"line":42,"column":0},"end":{"line":42,"column":35}},"42":{"start":{"line":43,"column":0},"end":{"line":43,"column":55}},"43":{"start":{"line":44,"column":0},"end":{"line":44,"column":59}},"44":{"start":{"line":45,"column":0},"end":{"line":45,"column":78}},"45":{"start":{"line":46,"column":0},"end":{"line":46,"column":17}},"46":{"start":{"line":47,"column":0},"end":{"line":47,"column":17}},"47":{"start":{"line":48,"column":0},"end":{"line":48,"column":5}},"48":{"start":{"line":49,"column":0},"end":{"line":49,"column":76}},"49":{"start":{"line":50,"column":0},"end":{"line":50,"column":11}},"50":{"start":{"line":51,"column":0},"end":{"line":51,"column":66}},"51":{"start":{"line":52,"column":0},"end":{"line":52,"column":46}},"52":{"start":{"line":53,"column":0},"end":{"line":53,"column":5}},"53":{"start":{"line":54,"column":0},"end":{"line":54,"column":4}},"55":{"start":{"line":56,"column":0},"end":{"line":56,"column":19}},"56":{"start":{"line":57,"column":0},"end":{"line":57,"column":25}},"57":{"start":{"line":58,"column":0},"end":{"line":58,"column":29}},"58":{"start":{"line":59,"column":0},"end":{"line":59,"column":38}},"59":{"start":{"line":60,"column":0},"end":{"line":60,"column":6}},"60":{"start":{"line":61,"column":0},"end":{"line":61,"column":34}},"62":{"start":{"line":63,"column":0},"end":{"line":63,"column":29}},"63":{"start":{"line":64,"column":0},"end":{"line":64,"column":12}},"64":{"start":{"line":65,"column":0},"end":{"line":65,"column":16}},"65":{"start":{"line":66,"column":0},"end":{"line":66,"column":15}},"66":{"start":{"line":67,"column":0},"end":{"line":67,"column":7}},"67":{"start":{"line":68,"column":0},"end":{"line":68,"column":25}},"68":{"start":{"line":69,"column":0},"end":{"line":69,"column":4}},"70":{"start":{"line":71,"column":0},"end":{"line":71,"column":49}},"71":{"start":{"line":72,"column":0},"end":{"line":72,"column":49}},"72":{"start":{"line":73,"column":0},"end":{"line":73,"column":18}},"73":{"start":{"line":74,"column":0},"end":{"line":74,"column":15}},"74":{"start":{"line":75,"column":0},"end":{"line":75,"column":39}},"75":{"start":{"line":76,"column":0},"end":{"line":76,"column":34}},"76":{"start":{"line":77,"column":0},"end":{"line":77,"column":16}},"77":{"start":{"line":78,"column":0},"end":{"line":78,"column":9}},"78":{"start":{"line":79,"column":0},"end":{"line":79,"column":5}},"80":{"start":{"line":81,"column":0},"end":{"line":81,"column":31}},"81":{"start":{"line":82,"column":0},"end":{"line":82,"column":27}},"82":{"start":{"line":83,"column":0},"end":{"line":83,"column":12}},"83":{"start":{"line":84,"column":0},"end":{"line":84,"column":32}},"84":{"start":{"line":85,"column":0},"end":{"line":85,"column":12}},"85":{"start":{"line":86,"column":0},"end":{"line":86,"column":14}},"86":{"start":{"line":87,"column":0},"end":{"line":87,"column":19}},"87":{"start":{"line":88,"column":0},"end":{"line":88,"column":17}},"88":{"start":{"line":89,"column":0},"end":{"line":89,"column":23}},"89":{"start":{"line":90,"column":0},"end":{"line":90,"column":6}},"90":{"start":{"line":91,"column":0},"end":{"line":91,"column":29}},"91":{"start":{"line":92,"column":0},"end":{"line":92,"column":42}},"92":{"start":{"line":93,"column":0},"end":{"line":93,"column":32}},"93":{"start":{"line":94,"column":0},"end":{"line":94,"column":38}},"94":{"start":{"line":95,"column":0},"end":{"line":95,"column":50}},"95":{"start":{"line":96,"column":0},"end":{"line":96,"column":39}},"96":{"start":{"line":97,"column":0},"end":{"line":97,"column":27}},"97":{"start":{"line":98,"column":0},"end":{"line":98,"column":24}},"98":{"start":{"line":99,"column":0},"end":{"line":99,"column":5}},"100":{"start":{"line":101,"column":0},"end":{"line":101,"column":39}},"101":{"start":{"line":102,"column":0},"end":{"line":102,"column":57}},"104":{"start":{"line":105,"column":0},"end":{"line":105,"column":41}},"105":{"start":{"line":106,"column":0},"end":{"line":106,"column":23}},"106":{"start":{"line":107,"column":0},"end":{"line":107,"column":54}},"107":{"start":{"line":108,"column":0},"end":{"line":108,"column":27}},"108":{"start":{"line":109,"column":0},"end":{"line":109,"column":17}},"109":{"start":{"line":110,"column":0},"end":{"line":110,"column":5}},"111":{"start":{"line":112,"column":0},"end":{"line":112,"column":16}},"112":{"start":{"line":113,"column":0},"end":{"line":113,"column":12}},"113":{"start":{"line":114,"column":0},"end":{"line":114,"column":77}},"115":{"start":{"line":116,"column":0},"end":{"line":116,"column":3}},"117":{"start":{"line":118,"column":0},"end":{"line":118,"column":55}},"118":{"start":{"line":119,"column":0},"end":{"line":119,"column":79}},"119":{"start":{"line":120,"column":0},"end":{"line":120,"column":23}},"120":{"start":{"line":121,"column":0},"end":{"line":121,"column":26}},"121":{"start":{"line":122,"column":0},"end":{"line":122,"column":39}},"122":{"start":{"line":123,"column":0},"end":{"line":123,"column":57}},"123":{"start":{"line":124,"column":0},"end":{"line":124,"column":10}},"125":{"start":{"line":126,"column":0},"end":{"line":126,"column":10}},"126":{"start":{"line":127,"column":0},"end":{"line":127,"column":31}},"127":{"start":{"line":128,"column":0},"end":{"line":128,"column":57}},"128":{"start":{"line":129,"column":0},"end":{"line":129,"column":72}},"129":{"start":{"line":130,"column":0},"end":{"line":130,"column":12}},"131":{"start":{"line":132,"column":0},"end":{"line":132,"column":10}},"132":{"start":{"line":133,"column":0},"end":{"line":133,"column":31}},"133":{"start":{"line":134,"column":0},"end":{"line":134,"column":74}},"135":{"start":{"line":136,"column":0},"end":{"line":136,"column":57}},"136":{"start":{"line":137,"column":0},"end":{"line":137,"column":77}},"137":{"start":{"line":138,"column":0},"end":{"line":138,"column":59}},"138":{"start":{"line":139,"column":0},"end":{"line":139,"column":17}},"139":{"start":{"line":140,"column":0},"end":{"line":140,"column":36}},"140":{"start":{"line":141,"column":0},"end":{"line":141,"column":103}},"142":{"start":{"line":143,"column":0},"end":{"line":143,"column":54}},"143":{"start":{"line":144,"column":0},"end":{"line":144,"column":26}},"144":{"start":{"line":145,"column":0},"end":{"line":145,"column":23}},"145":{"start":{"line":146,"column":0},"end":{"line":146,"column":37}},"146":{"start":{"line":147,"column":0},"end":{"line":147,"column":118}},"147":{"start":{"line":148,"column":0},"end":{"line":148,"column":57}},"149":{"start":{"line":150,"column":0},"end":{"line":150,"column":54}},"150":{"start":{"line":151,"column":0},"end":{"line":151,"column":31}},"151":{"start":{"line":152,"column":0},"end":{"line":152,"column":39}},"152":{"start":{"line":153,"column":0},"end":{"line":153,"column":37}},"153":{"start":{"line":154,"column":0},"end":{"line":154,"column":54}},"154":{"start":{"line":155,"column":0},"end":{"line":155,"column":126}},"155":{"start":{"line":156,"column":0},"end":{"line":156,"column":75}},"157":{"start":{"line":158,"column":0},"end":{"line":158,"column":35}},"158":{"start":{"line":159,"column":0},"end":{"line":159,"column":54}},"159":{"start":{"line":160,"column":0},"end":{"line":160,"column":71}},"160":{"start":{"line":161,"column":0},"end":{"line":161,"column":41}},"163":{"start":{"line":164,"column":0},"end":{"line":164,"column":38}},"164":{"start":{"line":165,"column":0},"end":{"line":165,"column":59}},"165":{"start":{"line":166,"column":0},"end":{"line":166,"column":47}},"166":{"start":{"line":167,"column":0},"end":{"line":167,"column":28}},"167":{"start":{"line":168,"column":0},"end":{"line":168,"column":28}},"168":{"start":{"line":169,"column":0},"end":{"line":169,"column":34}},"169":{"start":{"line":170,"column":0},"end":{"line":170,"column":78}},"171":{"start":{"line":172,"column":0},"end":{"line":172,"column":35}},"172":{"start":{"line":173,"column":0},"end":{"line":173,"column":80}},"174":{"start":{"line":175,"column":0},"end":{"line":175,"column":75}},"175":{"start":{"line":176,"column":0},"end":{"line":176,"column":33}},"177":{"start":{"line":178,"column":0},"end":{"line":178,"column":25}},"179":{"start":{"line":180,"column":0},"end":{"line":180,"column":19}},"180":{"start":{"line":181,"column":0},"end":{"line":181,"column":19}},"181":{"start":{"line":182,"column":0},"end":{"line":182,"column":15}},"182":{"start":{"line":183,"column":0},"end":{"line":183,"column":18}},"183":{"start":{"line":184,"column":0},"end":{"line":184,"column":65}},"184":{"start":{"line":185,"column":0},"end":{"line":185,"column":26}},"185":{"start":{"line":186,"column":0},"end":{"line":186,"column":18}},"186":{"start":{"line":187,"column":0},"end":{"line":187,"column":74}},"188":{"start":{"line":189,"column":0},"end":{"line":189,"column":21}},"189":{"start":{"line":190,"column":0},"end":{"line":190,"column":19}},"190":{"start":{"line":191,"column":0},"end":{"line":191,"column":37}},"191":{"start":{"line":192,"column":0},"end":{"line":192,"column":18}},"192":{"start":{"line":193,"column":0},"end":{"line":193,"column":74}},"194":{"start":{"line":195,"column":0},"end":{"line":195,"column":21}},"195":{"start":{"line":196,"column":0},"end":{"line":196,"column":19}},"197":{"start":{"line":198,"column":0},"end":{"line":198,"column":16}},"198":{"start":{"line":199,"column":0},"end":{"line":199,"column":36}},"199":{"start":{"line":200,"column":0},"end":{"line":200,"column":22}},"200":{"start":{"line":201,"column":0},"end":{"line":201,"column":64}},"201":{"start":{"line":202,"column":0},"end":{"line":202,"column":23}},"203":{"start":{"line":204,"column":0},"end":{"line":204,"column":50}},"204":{"start":{"line":205,"column":0},"end":{"line":205,"column":53}},"205":{"start":{"line":206,"column":0},"end":{"line":206,"column":26}},"206":{"start":{"line":207,"column":0},"end":{"line":207,"column":23}},"207":{"start":{"line":208,"column":0},"end":{"line":208,"column":34}},"208":{"start":{"line":209,"column":0},"end":{"line":209,"column":68}},"209":{"start":{"line":210,"column":0},"end":{"line":210,"column":116}},"211":{"start":{"line":212,"column":0},"end":{"line":212,"column":60}},"212":{"start":{"line":213,"column":0},"end":{"line":213,"column":71}},"213":{"start":{"line":214,"column":0},"end":{"line":214,"column":38}},"214":{"start":{"line":215,"column":0},"end":{"line":215,"column":55}},"215":{"start":{"line":216,"column":0},"end":{"line":216,"column":45}},"216":{"start":{"line":217,"column":0},"end":{"line":217,"column":28}},"217":{"start":{"line":218,"column":0},"end":{"line":218,"column":29}},"218":{"start":{"line":219,"column":0},"end":{"line":219,"column":25}},"219":{"start":{"line":220,"column":0},"end":{"line":220,"column":25}},"221":{"start":{"line":222,"column":0},"end":{"line":222,"column":19}},"222":{"start":{"line":223,"column":0},"end":{"line":223,"column":39}},"223":{"start":{"line":224,"column":0},"end":{"line":224,"column":22}},"224":{"start":{"line":225,"column":0},"end":{"line":225,"column":67}},"225":{"start":{"line":226,"column":0},"end":{"line":226,"column":23}},"227":{"start":{"line":228,"column":0},"end":{"line":228,"column":17}},"229":{"start":{"line":230,"column":0},"end":{"line":230,"column":18}},"230":{"start":{"line":231,"column":0},"end":{"line":231,"column":16}},"231":{"start":{"line":232,"column":0},"end":{"line":232,"column":12}},"233":{"start":{"line":234,"column":0},"end":{"line":234,"column":62}},"234":{"start":{"line":235,"column":0},"end":{"line":235,"column":62}},"235":{"start":{"line":236,"column":0},"end":{"line":236,"column":52}},"236":{"start":{"line":237,"column":0},"end":{"line":237,"column":71}},"237":{"start":{"line":238,"column":0},"end":{"line":238,"column":14}},"238":{"start":{"line":239,"column":0},"end":{"line":239,"column":66}},"239":{"start":{"line":240,"column":0},"end":{"line":240,"column":55}},"240":{"start":{"line":241,"column":0},"end":{"line":241,"column":64}},"241":{"start":{"line":242,"column":0},"end":{"line":242,"column":19}},"242":{"start":{"line":243,"column":0},"end":{"line":243,"column":112}},"243":{"start":{"line":244,"column":0},"end":{"line":244,"column":58}},"244":{"start":{"line":245,"column":0},"end":{"line":245,"column":32}},"245":{"start":{"line":246,"column":0},"end":{"line":246,"column":58}},"246":{"start":{"line":247,"column":0},"end":{"line":247,"column":16}},"248":{"start":{"line":249,"column":0},"end":{"line":249,"column":62}},"249":{"start":{"line":250,"column":0},"end":{"line":250,"column":56}},"250":{"start":{"line":251,"column":0},"end":{"line":251,"column":28}},"251":{"start":{"line":252,"column":0},"end":{"line":252,"column":25}},"252":{"start":{"line":253,"column":0},"end":{"line":253,"column":17}},"253":{"start":{"line":254,"column":0},"end":{"line":254,"column":21}},"254":{"start":{"line":255,"column":0},"end":{"line":255,"column":16}},"255":{"start":{"line":256,"column":0},"end":{"line":256,"column":90}},"256":{"start":{"line":257,"column":0},"end":{"line":257,"column":68}},"257":{"start":{"line":258,"column":0},"end":{"line":258,"column":39}},"258":{"start":{"line":259,"column":0},"end":{"line":259,"column":16}},"259":{"start":{"line":260,"column":0},"end":{"line":260,"column":55}},"260":{"start":{"line":261,"column":0},"end":{"line":261,"column":19}},"261":{"start":{"line":262,"column":0},"end":{"line":262,"column":31}},"262":{"start":{"line":263,"column":0},"end":{"line":263,"column":37}},"263":{"start":{"line":264,"column":0},"end":{"line":264,"column":50}},"264":{"start":{"line":265,"column":0},"end":{"line":265,"column":52}},"266":{"start":{"line":267,"column":0},"end":{"line":267,"column":66}},"267":{"start":{"line":268,"column":0},"end":{"line":268,"column":35}},"268":{"start":{"line":269,"column":0},"end":{"line":269,"column":21}},"269":{"start":{"line":270,"column":0},"end":{"line":270,"column":19}},"270":{"start":{"line":271,"column":0},"end":{"line":271,"column":31}},"271":{"start":{"line":272,"column":0},"end":{"line":272,"column":37}},"272":{"start":{"line":273,"column":0},"end":{"line":273,"column":46}},"273":{"start":{"line":274,"column":0},"end":{"line":274,"column":48}},"275":{"start":{"line":276,"column":0},"end":{"line":276,"column":62}},"276":{"start":{"line":277,"column":0},"end":{"line":277,"column":35}},"277":{"start":{"line":278,"column":0},"end":{"line":278,"column":21}},"278":{"start":{"line":279,"column":0},"end":{"line":279,"column":16}},"279":{"start":{"line":280,"column":0},"end":{"line":280,"column":14}},"280":{"start":{"line":281,"column":0},"end":{"line":281,"column":12}},"281":{"start":{"line":282,"column":0},"end":{"line":282,"column":10}},"283":{"start":{"line":284,"column":0},"end":{"line":284,"column":1}}},"s":{"0":0,"1":0,"2":0,"3":0,"12":0,"13":0,"14":0,"35":0,"36":0,"37":0,"38":0,"39":0,"40":0,"41":0,"42":0,"43":0,"44":0,"45":0,"46":0,"47":0,"48":0,"49":0,"50":0,"51":0,"52":0,"53":0,"55":0,"56":0,"57":0,"58":0,"59":0,"60":0,"62":0,"63":0,"64":0,"65":0,"66":0,"67":0,"68":0,"70":0,"71":0,"72":0,"73":0,"74":0,"75":0,"76":0,"77":0,"78":0,"80":0,"81":0,"82":0,"83":0,"84":0,"85":0,"86":0,"87":0,"88":0,"89":0,"90":0,"91":0,"92":0,"93":0,"94":0,"95":0,"96":0,"97":0,"98":0,"100":0,"101":0,"104":0,"105":0,"106":0,"107":0,"108":0,"109":0,"111":0,"112":0,"113":0,"115":0,"117":0,"118":0,"119":0,"120":0,"121":0,"122":0,"123":0,"125":0,"126":0,"127":0,"128":0,"129":0,"131":0,"132":0,"133":0,"135":0,"136":0,"137":0,"138":0,"139":0,"140":0,"142":0,"143":0,"144":0,"145":0,"146":0,"147":0,"149":0,"150":0,"151":0,"152":0,"153":0,"154":0,"155":0,"157":0,"158":0,"159":0,"160":0,"163":0,"164":0,"165":0,"166":0,"167":0,"168":0,"169":0,"171":0,"172":0,"174":0,"175":0,"177":0,"179":0,"180":0,"181":0,"182":0,"183":0,"184":0,"185":0,"186":0,"188":0,"189":0,"190":0,"191":0,"192":0,"194":0,"195":0,"197":0,"198":0,"199":0,"200":0,"201":0,"203":0,"204":0,"205":0,"206":0,"207":0,"208":0,"209":0,"211":0,"212":0,"213":0,"214":0,"215":0,"216":0,"217":0,"218":0,"219":0,"221":0,"222":0,"223":0,"224":0,"225":0,"227":0,"229":0,"230":0,"231":0,"233":0,"234":0,"235":0,"236":0,"237":0,"238":0,"239":0,"240":0,"241":0,"242":0,"243":0,"244":0,"245":0,"246":0,"248":0,"249":0,"250":0,"251":0,"252":0,"253":0,"254":0,"255":0,"256":0,"257":0,"258":0,"259":0,"260":0,"261":0,"262":0,"263":0,"264":0,"266":0,"267":0,"268":0,"269":0,"270":0,"271":0,"272":0,"273":0,"275":0,"276":0,"277":0,"278":0,"279":0,"280":0,"281":0,"283":0},"branchMap":{"0":{"type":"branch","line":1,"loc":{"start":{"line":1,"column":9451},"end":{"line":284,"column":1}},"locations":[{"start":{"line":1,"column":9451},"end":{"line":284,"column":1}}]}},"b":{"0":[0]},"fnMap":{"0":{"name":"(empty-report)","decl":{"start":{"line":1,"column":9451},"end":{"line":284,"column":1}},"loc":{"start":{"line":1,"column":9451},"end":{"line":284,"column":1}},"line":1}},"f":{"0":0}}
,"C:\\Users\\areeb\\Documents\\code\\ERP\\app\\frontend\\src\\components\\app\\EmptyState.tsx": {"path":"C:\\Users\\areeb\\Documents\\code\\ERP\\app\\frontend\\src\\components\\app\\EmptyState.tsx","all":true,"statementMap":{"0":{"start":{"line":1,"column":0},"end":{"line":1,"column":56}},"1":{"start":{"line":2,"column":0},"end":{"line":2,"column":49}},"2":{"start":{"line":3,"column":0},"end":{"line":3,"column":48}},"12":{"start":{"line":13,"column":0},"end":{"line":13,"column":28}},"13":{"start":{"line":14,"column":0},"end":{"line":14,"column":8}},"14":{"start":{"line":15,"column":0},"end":{"line":15,"column":14}},"15":{"start":{"line":16,"column":0},"end":{"line":16,"column":14}},"16":{"start":{"line":17,"column":0},"end":{"line":17,"column":11}},"17":{"start":{"line":18,"column":0},"end":{"line":18,"column":13}},"18":{"start":{"line":19,"column":0},"end":{"line":19,"column":21}},"19":{"start":{"line":20,"column":0},"end":{"line":20,"column":10}},"20":{"start":{"line":21,"column":0},"end":{"line":21,"column":147}},"21":{"start":{"line":22,"column":0},"end":{"line":22,"column":99}},"22":{"start":{"line":23,"column":0},"end":{"line":23,"column":90}},"23":{"start":{"line":24,"column":0},"end":{"line":24,"column":19}},"24":{"start":{"line":25,"column":0},"end":{"line":25,"column":26}},"25":{"start":{"line":26,"column":0},"end":{"line":26,"column":25}},"26":{"start":{"line":27,"column":0},"end":{"line":27,"column":23}},"27":{"start":{"line":28,"column":0},"end":{"line":28,"column":47}},"28":{"start":{"line":29,"column":0},"end":{"line":29,"column":14}},"30":{"start":{"line":31,"column":0},"end":{"line":31,"column":26}},"31":{"start":{"line":32,"column":0},"end":{"line":32,"column":31}},"32":{"start":{"line":33,"column":0},"end":{"line":33,"column":23}},"33":{"start":{"line":34,"column":0},"end":{"line":34,"column":47}},"34":{"start":{"line":35,"column":0},"end":{"line":35,"column":14}},"36":{"start":{"line":37,"column":0},"end":{"line":37,"column":14}},"37":{"start":{"line":38,"column":0},"end":{"line":38,"column":63}},"38":{"start":{"line":39,"column":0},"end":{"line":39,"column":80}},"39":{"start":{"line":40,"column":0},"end":{"line":40,"column":37}},"40":{"start":{"line":41,"column":0},"end":{"line":41,"column":59}},"42":{"start":{"line":43,"column":0},"end":{"line":43,"column":12}},"43":{"start":{"line":44,"column":0},"end":{"line":44,"column":10}},"45":{"start":{"line":46,"column":0},"end":{"line":46,"column":1}}},"s":{"0":0,"1":0,"2":0,"12":0,"13":0,"14":0,"15":0,"16":0,"17":0,"18":0,"19":0,"20":0,"21":0,"22":0,"23":0,"24":0,"25":0,"26":0,"27":0,"28":0,"30":0,"31":0,"32":0,"33":0,"34":0,"36":0,"37":0,"38":0,"39":0,"40":0,"42":0,"43":0,"45":0},"branchMap":{"0":{"type":"branch","line":1,"loc":{"start":{"line":1,"column":1391},"end":{"line":46,"column":1}},"locations":[{"start":{"line":1,"column":1391},"end":{"line":46,"column":1}}]}},"b":{"0":[0]},"fnMap":{"0":{"name":"(empty-report)","decl":{"start":{"line":1,"column":1391},"end":{"line":46,"column":1}},"loc":{"start":{"line":1,"column":1391},"end":{"line":46,"column":1}},"line":1}},"f":{"0":0}}
,"C:\\Users\\areeb\\Documents\\code\\ERP\\app\\frontend\\src\\components\\app\\Money.tsx": {"path":"C:\\Users\\areeb\\Documents\\code\\ERP\\app\\frontend\\src\\components\\app\\Money.tsx","all":true,"statementMap":{"0":{"start":{"line":1,"column":0},"end":{"line":1,"column":48}},"7":{"start":{"line":8,"column":0},"end":{"line":8,"column":57}},"8":{"start":{"line":9,"column":0},"end":{"line":9,"column":38}},"10":{"start":{"line":11,"column":0},"end":{"line":11,"column":69}},"11":{"start":{"line":12,"column":0},"end":{"line":12,"column":43}},"13":{"start":{"line":14,"column":0},"end":{"line":14,"column":51}},"14":{"start":{"line":15,"column":0},"end":{"line":15,"column":22}},"15":{"start":{"line":16,"column":0},"end":{"line":16,"column":30}},"16":{"start":{"line":17,"column":0},"end":{"line":17,"column":29}},"17":{"start":{"line":18,"column":0},"end":{"line":18,"column":20}},"19":{"start":{"line":20,"column":0},"end":{"line":20,"column":59}},"20":{"start":{"line":21,"column":0},"end":{"line":21,"column":1}}},"s":{"0":0,"7":0,"8":0,"10":0,"11":0,"13":0,"14":0,"15":0,"16":0,"17":0,"19":0,"20":0},"branchMap":{"0":{"type":"branch","line":1,"loc":{"start":{"line":1,"column":547},"end":{"line":21,"column":1}},"locations":[{"start":{"line":1,"column":547},"end":{"line":21,"column":1}}]}},"b":{"0":[0]},"fnMap":{"0":{"name":"(empty-report)","decl":{"start":{"line":1,"column":547},"end":{"line":21,"column":1}},"loc":{"start":{"line":1,"column":547},"end":{"line":21,"column":1}},"line":1}},"f":{"0":0}}
,"C:\\Users\\areeb\\Documents\\code\\ERP\\app\\frontend\\src\\components\\app\\NotificationDrawer.tsx": {"path":"C:\\Users\\areeb\\Documents\\code\\ERP\\app\\frontend\\src\\components\\app\\NotificationDrawer.tsx","all":true,"statementMap":{"0":{"start":{"line":1,"column":0},"end":{"line":1,"column":8}},"4":{"start":{"line":5,"column":0},"end":{"line":5,"column":49}},"5":{"start":{"line":6,"column":0},"end":{"line":6,"column":48}},"6":{"start":{"line":7,"column":0},"end":{"line":7,"column":8}},"13":{"start":{"line":14,"column":0},"end":{"line":14,"column":40}},"15":{"start":{"line":16,"column":0},"end":{"line":16,"column":38}},"16":{"start":{"line":17,"column":0},"end":{"line":17,"column":74}},"17":{"start":{"line":18,"column":0},"end":{"line":18,"column":17}},"19":{"start":{"line":20,"column":0},"end":{"line":20,"column":66}},"21":{"start":{"line":22,"column":0},"end":{"line":22,"column":10}},"22":{"start":{"line":23,"column":0},"end":{"line":23,"column":11}},"23":{"start":{"line":24,"column":0},"end":{"line":24,"column":20}},"24":{"start":{"line":25,"column":0},"end":{"line":25,"column":65}},"25":{"start":{"line":26,"column":0},"end":{"line":26,"column":63}},"26":{"start":{"line":27,"column":0},"end":{"line":27,"column":31}},"27":{"start":{"line":28,"column":0},"end":{"line":28,"column":92}},"29":{"start":{"line":30,"column":0},"end":{"line":30,"column":61}},"30":{"start":{"line":31,"column":0},"end":{"line":31,"column":17}},"31":{"start":{"line":32,"column":0},"end":{"line":32,"column":21}},"32":{"start":{"line":33,"column":0},"end":{"line":33,"column":73}},"33":{"start":{"line":34,"column":0},"end":{"line":34,"column":90}},"34":{"start":{"line":35,"column":0},"end":{"line":35,"column":48}},"35":{"start":{"line":36,"column":0},"end":{"line":36,"column":31}},"36":{"start":{"line":37,"column":0},"end":{"line":37,"column":19}},"37":{"start":{"line":38,"column":0},"end":{"line":38,"column":29}},"38":{"start":{"line":39,"column":0},"end":{"line":39,"column":23}},"39":{"start":{"line":40,"column":0},"end":{"line":40,"column":48}},"40":{"start":{"line":41,"column":0},"end":{"line":41,"column":13}},"42":{"start":{"line":43,"column":0},"end":{"line":43,"column":21}},"44":{"start":{"line":45,"column":0},"end":{"line":45,"column":22}},"45":{"start":{"line":46,"column":0},"end":{"line":46,"column":53}},"46":{"start":{"line":47,"column":0},"end":{"line":47,"column":41}},"47":{"start":{"line":48,"column":0},"end":{"line":48,"column":100}},"48":{"start":{"line":49,"column":0},"end":{"line":49,"column":28}},"49":{"start":{"line":50,"column":0},"end":{"line":50,"column":41}},"50":{"start":{"line":51,"column":0},"end":{"line":51,"column":25}},"51":{"start":{"line":52,"column":0},"end":{"line":52,"column":43}},"52":{"start":{"line":53,"column":0},"end":{"line":53,"column":16}},"53":{"start":{"line":54,"column":0},"end":{"line":54,"column":41}},"54":{"start":{"line":55,"column":0},"end":{"line":55,"column":18}},"56":{"start":{"line":57,"column":0},"end":{"line":57,"column":38}},"57":{"start":{"line":58,"column":0},"end":{"line":58,"column":41}},"58":{"start":{"line":59,"column":0},"end":{"line":59,"column":19}},"59":{"start":{"line":60,"column":0},"end":{"line":60,"column":28}},"60":{"start":{"line":61,"column":0},"end":{"line":61,"column":101}},"62":{"start":{"line":63,"column":0},"end":{"line":63,"column":40}},"63":{"start":{"line":64,"column":0},"end":{"line":64,"column":34}},"64":{"start":{"line":65,"column":0},"end":{"line":65,"column":47}},"65":{"start":{"line":66,"column":0},"end":{"line":66,"column":31}},"66":{"start":{"line":67,"column":0},"end":{"line":67,"column":33}},"67":{"start":{"line":68,"column":0},"end":{"line":68,"column":74}},"69":{"start":{"line":70,"column":0},"end":{"line":70,"column":22}},"70":{"start":{"line":71,"column":0},"end":{"line":71,"column":24}},"71":{"start":{"line":72,"column":0},"end":{"line":72,"column":42}},"72":{"start":{"line":73,"column":0},"end":{"line":73,"column":72}},"73":{"start":{"line":74,"column":0},"end":{"line":74,"column":77}},"74":{"start":{"line":75,"column":0},"end":{"line":75,"column":79}},"75":{"start":{"line":76,"column":0},"end":{"line":76,"column":62}},"76":{"start":{"line":77,"column":0},"end":{"line":77,"column":27}},"77":{"start":{"line":78,"column":0},"end":{"line":78,"column":24}},"78":{"start":{"line":79,"column":0},"end":{"line":79,"column":25}},"79":{"start":{"line":80,"column":0},"end":{"line":80,"column":35}},"80":{"start":{"line":81,"column":0},"end":{"line":81,"column":31}},"81":{"start":{"line":82,"column":0},"end":{"line":82,"column":61}},"83":{"start":{"line":84,"column":0},"end":{"line":84,"column":60}},"84":{"start":{"line":85,"column":0},"end":{"line":85,"column":76}},"85":{"start":{"line":86,"column":0},"end":{"line":86,"column":27}},"86":{"start":{"line":87,"column":0},"end":{"line":87,"column":21}},"87":{"start":{"line":88,"column":0},"end":{"line":88,"column":17}},"88":{"start":{"line":89,"column":0},"end":{"line":89,"column":17}},"90":{"start":{"line":91,"column":0},"end":{"line":91,"column":14}},"91":{"start":{"line":92,"column":0},"end":{"line":92,"column":21}},"92":{"start":{"line":93,"column":0},"end":{"line":93,"column":12}},"94":{"start":{"line":95,"column":0},"end":{"line":95,"column":1}}},"s":{"0":0,"4":0,"5":0,"6":0,"13":0,"15":0,"16":0,"17":0,"19":0,"21":0,"22":0,"23":0,"24":0,"25":0,"26":0,"27":0,"29":0,"30":0,"31":0,"32":0,"33":0,"34":0,"35":0,"36":0,"37":0,"38":0,"39":0,"40":0,"42":0,"44":0,"45":0,"46":0,"47":0,"48":0,"49":0,"50":0,"51":0,"52":0,"53":0,"54":0,"56":0,"57":0,"58":0,"59":0,"60":0,"62":0,"63":0,"64":0,"65":0,"66":0,"67":0,"69":0,"70":0,"71":0,"72":0,"73":0,"74":0,"75":0,"76":0,"77":0,"78":0,"79":0,"80":0,"81":0,"83":0,"84":0,"85":0,"86":0,"87":0,"88":0,"90":0,"91":0,"92":0,"94":0},"branchMap":{"0":{"type":"branch","line":1,"loc":{"start":{"line":1,"column":3310},"end":{"line":95,"column":1}},"locations":[{"start":{"line":1,"column":3310},"end":{"line":95,"column":1}}]}},"b":{"0":[0]},"fnMap":{"0":{"name":"(empty-report)","decl":{"start":{"line":1,"column":3310},"end":{"line":95,"column":1}},"loc":{"start":{"line":1,"column":3310},"end":{"line":95,"column":1}},"line":1}},"f":{"0":0}}
,"C:\\Users\\areeb\\Documents\\code\\ERP\\app\\frontend\\src\\components\\app\\PageHeader.tsx": {"path":"C:\\Users\\areeb\\Documents\\code\\ERP\\app\\frontend\\src\\components\\app\\PageHeader.tsx","all":true,"statementMap":{"1":{"start":{"line":2,"column":0},"end":{"line":2,"column":44}},"9":{"start":{"line":10,"column":0},"end":{"line":10,"column":76}},"10":{"start":{"line":11,"column":0},"end":{"line":11,"column":10}},"11":{"start":{"line":12,"column":0},"end":{"line":12,"column":93}},"12":{"start":{"line":13,"column":0},"end":{"line":13,"column":33}},"13":{"start":{"line":14,"column":0},"end":{"line":14,"column":23}},"14":{"start":{"line":15,"column":0},"end":{"line":15,"column":74}},"15":{"start":{"line":16,"column":0},"end":{"line":16,"column":22}},"16":{"start":{"line":17,"column":0},"end":{"line":17,"column":69}},"18":{"start":{"line":19,"column":0},"end":{"line":19,"column":12}},"19":{"start":{"line":20,"column":0},"end":{"line":20,"column":77}},"20":{"start":{"line":21,"column":0},"end":{"line":21,"column":10}},"22":{"start":{"line":23,"column":0},"end":{"line":23,"column":1}}},"s":{"1":0,"9":0,"10":0,"11":0,"12":0,"13":0,"14":0,"15":0,"16":0,"18":0,"19":0,"20":0,"22":0},"branchMap":{"0":{"type":"branch","line":1,"loc":{"start":{"line":1,"column":717},"end":{"line":23,"column":1}},"locations":[{"start":{"line":1,"column":717},"end":{"line":23,"column":1}}]}},"b":{"0":[1]},"fnMap":{"0":{"name":"(empty-report)","decl":{"start":{"line":1,"column":717},"end":{"line":23,"column":1}},"loc":{"start":{"line":1,"column":717},"end":{"line":23,"column":1}},"line":1}},"f":{"0":1}}
,"C:\\Users\\areeb\\Documents\\code\\ERP\\app\\frontend\\src\\components\\app\\PermissionGate.tsx": {"path":"C:\\Users\\areeb\\Documents\\code\\ERP\\app\\frontend\\src\\components\\app\\PermissionGate.tsx","all":false,"statementMap":{"1":{"start":{"line":2,"column":0},"end":{"line":2,"column":62}},"12":{"start":{"line":13,"column":0},"end":{"line":13,"column":32}},"13":{"start":{"line":14,"column":0},"end":{"line":14,"column":11}},"14":{"start":{"line":15,"column":0},"end":{"line":15,"column":18}},"15":{"start":{"line":16,"column":0},"end":{"line":16,"column":11}},"16":{"start":{"line":17,"column":0},"end":{"line":17,"column":9}},"17":{"start":{"line":18,"column":0},"end":{"line":18,"column":7}},"18":{"start":{"line":19,"column":0},"end":{"line":19,"column":7}},"19":{"start":{"line":20,"column":0},"end":{"line":20,"column":25}},"20":{"start":{"line":21,"column":0},"end":{"line":21,"column":63}},"22":{"start":{"line":23,"column":0},"end":{"line":23,"column":24}},"24":{"start":{"line":25,"column":0},"end":{"line":25,"column":13}},"25":{"start":{"line":26,"column":0},"end":{"line":26,"column":37}},"26":{"start":{"line":27,"column":0},"end":{"line":27,"column":20}},"27":{"start":{"line":28,"column":0},"end":{"line":28,"column":30}},"28":{"start":{"line":29,"column":0},"end":{"line":29,"column":34}},"29":{"start":{"line":30,"column":0},"end":{"line":30,"column":38}},"30":{"start":{"line":31,"column":0},"end":{"line":31,"column":3}},"32":{"start":{"line":33,"column":0},"end":{"line":33,"column":48}},"33":{"start":{"line":34,"column":0},"end":{"line":34,"column":1}}},"s":{"1":1,"12":1,"13":3,"14":3,"15":3,"16":3,"17":3,"18":3,"19":3,"20":3,"22":3,"24":3,"25":1,"26":3,"27":0,"28":2,"29":2,"30":2,"32":3,"33":3},"branchMap":{"0":{"type":"branch","line":13,"loc":{"start":{"line":13,"column":7},"end":{"line":34,"column":1}},"locations":[{"start":{"line":13,"column":7},"end":{"line":34,"column":1}}]},"1":{"type":"branch","line":25,"loc":{"start":{"line":25,"column":12},"end":{"line":27,"column":13}},"locations":[{"start":{"line":25,"column":12},"end":{"line":27,"column":13}}]},"2":{"type":"branch","line":27,"loc":{"start":{"line":27,"column":2},"end":{"line":31,"column":3}},"locations":[{"start":{"line":27,"column":2},"end":{"line":31,"column":3}}]},"3":{"type":"branch","line":27,"loc":{"start":{"line":27,"column":19},"end":{"line":29,"column":13}},"locations":[{"start":{"line":27,"column":19},"end":{"line":29,"column":13}}]},"4":{"type":"branch","line":33,"loc":{"start":{"line":33,"column":12},"end":{"line":33,"column":35}},"locations":[{"start":{"line":33,"column":12},"end":{"line":33,"column":35}}]},"5":{"type":"branch","line":33,"loc":{"start":{"line":33,"column":24},"end":{"line":33,"column":44}},"locations":[{"start":{"line":33,"column":24},"end":{"line":33,"column":44}}]}},"b":{"0":[3],"1":[1],"2":[2],"3":[0],"4":[2],"5":[1]},"fnMap":{"0":{"name":"PermissionGate","decl":{"start":{"line":13,"column":7},"end":{"line":34,"column":1}},"loc":{"start":{"line":13,"column":7},"end":{"line":34,"column":1}},"line":13}},"f":{"0":3}}
,"C:\\Users\\areeb\\Documents\\code\\ERP\\app\\frontend\\src\\components\\app\\Sidebar.tsx": {"path":"C:\\Users\\areeb\\Documents\\code\\ERP\\app\\frontend\\src\\components\\app\\Sidebar.tsx","all":true,"statementMap":{"0":{"start":{"line":1,"column":0},"end":{"line":1,"column":8}},"6":{"start":{"line":7,"column":0},"end":{"line":7,"column":49}},"7":{"start":{"line":8,"column":0},"end":{"line":8,"column":46}},"8":{"start":{"line":9,"column":0},"end":{"line":9,"column":58}},"9":{"start":{"line":10,"column":0},"end":{"line":10,"column":40}},"10":{"start":{"line":11,"column":0},"end":{"line":11,"column":48}},"13":{"start":{"line":14,"column":0},"end":{"line":14,"column":38}},"14":{"start":{"line":15,"column":0},"end":{"line":15,"column":19}},"15":{"start":{"line":16,"column":0},"end":{"line":16,"column":29}},"16":{"start":{"line":17,"column":0},"end":{"line":17,"column":25}},"17":{"start":{"line":18,"column":0},"end":{"line":18,"column":2}},"19":{"start":{"line":20,"column":0},"end":{"line":20,"column":27}},"20":{"start":{"line":21,"column":0},"end":{"line":21,"column":40}},"21":{"start":{"line":22,"column":0},"end":{"line":22,"column":59}},"23":{"start":{"line":24,"column":0},"end":{"line":24,"column":10}},"24":{"start":{"line":25,"column":0},"end":{"line":25,"column":10}},"25":{"start":{"line":26,"column":0},"end":{"line":26,"column":85}},"26":{"start":{"line":27,"column":0},"end":{"line":27,"column":42}},"27":{"start":{"line":28,"column":0},"end":{"line":28,"column":9}},"29":{"start":{"line":30,"column":0},"end":{"line":30,"column":10}},"30":{"start":{"line":31,"column":0},"end":{"line":31,"column":117}},"32":{"start":{"line":33,"column":0},"end":{"line":33,"column":73}},"33":{"start":{"line":34,"column":0},"end":{"line":34,"column":15}},"34":{"start":{"line":35,"column":0},"end":{"line":35,"column":33}},"35":{"start":{"line":36,"column":0},"end":{"line":36,"column":88}},"36":{"start":{"line":37,"column":0},"end":{"line":37,"column":79}},"38":{"start":{"line":39,"column":0},"end":{"line":39,"column":55}},"39":{"start":{"line":40,"column":0},"end":{"line":40,"column":17}},"40":{"start":{"line":41,"column":0},"end":{"line":41,"column":12}},"41":{"start":{"line":42,"column":0},"end":{"line":42,"column":51}},"42":{"start":{"line":43,"column":0},"end":{"line":43,"column":42}},"43":{"start":{"line":44,"column":0},"end":{"line":44,"column":61}},"44":{"start":{"line":45,"column":0},"end":{"line":45,"column":54}},"45":{"start":{"line":46,"column":0},"end":{"line":46,"column":23}},"46":{"start":{"line":47,"column":0},"end":{"line":47,"column":47}},"47":{"start":{"line":48,"column":0},"end":{"line":48,"column":44}},"48":{"start":{"line":49,"column":0},"end":{"line":49,"column":14}},"49":{"start":{"line":50,"column":0},"end":{"line":50,"column":13}},"51":{"start":{"line":52,"column":0},"end":{"line":52,"column":53}},"53":{"start":{"line":54,"column":0},"end":{"line":54,"column":18}},"54":{"start":{"line":55,"column":0},"end":{"line":55,"column":56}},"55":{"start":{"line":56,"column":0},"end":{"line":56,"column":37}},"56":{"start":{"line":57,"column":0},"end":{"line":57,"column":111}},"57":{"start":{"line":58,"column":0},"end":{"line":58,"column":30}},"58":{"start":{"line":59,"column":0},"end":{"line":59,"column":21}},"60":{"start":{"line":61,"column":0},"end":{"line":61,"column":40}},"61":{"start":{"line":62,"column":0},"end":{"line":62,"column":45}},"62":{"start":{"line":63,"column":0},"end":{"line":63,"column":54}},"63":{"start":{"line":64,"column":0},"end":{"line":64,"column":26}},"64":{"start":{"line":65,"column":0},"end":{"line":65,"column":40}},"65":{"start":{"line":66,"column":0},"end":{"line":66,"column":27}},"66":{"start":{"line":67,"column":0},"end":{"line":67,"column":38}},"67":{"start":{"line":68,"column":0},"end":{"line":68,"column":115}},"68":{"start":{"line":69,"column":0},"end":{"line":69,"column":38}},"69":{"start":{"line":70,"column":0},"end":{"line":70,"column":61}},"70":{"start":{"line":71,"column":0},"end":{"line":71,"column":49}},"71":{"start":{"line":72,"column":0},"end":{"line":72,"column":26}},"73":{"start":{"line":74,"column":0},"end":{"line":74,"column":72}},"75":{"start":{"line":76,"column":0},"end":{"line":76,"column":38}},"76":{"start":{"line":77,"column":0},"end":{"line":77,"column":40}},"77":{"start":{"line":78,"column":0},"end":{"line":78,"column":43}},"78":{"start":{"line":79,"column":0},"end":{"line":79,"column":37}},"79":{"start":{"line":80,"column":0},"end":{"line":80,"column":71}},"80":{"start":{"line":81,"column":0},"end":{"line":81,"column":28}},"82":{"start":{"line":83,"column":0},"end":{"line":83,"column":71}},"83":{"start":{"line":84,"column":0},"end":{"line":84,"column":29}},"84":{"start":{"line":85,"column":0},"end":{"line":85,"column":25}},"86":{"start":{"line":87,"column":0},"end":{"line":87,"column":19}},"87":{"start":{"line":88,"column":0},"end":{"line":88,"column":19}},"88":{"start":{"line":89,"column":0},"end":{"line":89,"column":18}},"90":{"start":{"line":91,"column":0},"end":{"line":91,"column":11}},"91":{"start":{"line":92,"column":0},"end":{"line":92,"column":12}},"92":{"start":{"line":93,"column":0},"end":{"line":93,"column":12}},"94":{"start":{"line":95,"column":0},"end":{"line":95,"column":1}}},"s":{"0":0,"6":0,"7":0,"8":0,"9":0,"10":0,"13":0,"14":0,"15":0,"16":0,"17":0,"19":0,"20":0,"21":0,"23":0,"24":0,"25":0,"26":0,"27":0,"29":0,"30":0,"32":0,"33":0,"34":0,"35":0,"36":0,"38":0,"39":0,"40":0,"41":0,"42":0,"43":0,"44":0,"45":0,"46":0,"47":0,"48":0,"49":0,"51":0,"53":0,"54":0,"55":0,"56":0,"57":0,"58":0,"60":0,"61":0,"62":0,"63":0,"64":0,"65":0,"66":0,"67":0,"68":0,"69":0,"70":0,"71":0,"73":0,"75":0,"76":0,"77":0,"78":0,"79":0,"80":0,"82":0,"83":0,"84":0,"86":0,"87":0,"88":0,"90":0,"91":0,"92":0,"94":0},"branchMap":{"0":{"type":"branch","line":1,"loc":{"start":{"line":1,"column":3355},"end":{"line":95,"column":1}},"locations":[{"start":{"line":1,"column":3355},"end":{"line":95,"column":1}}]}},"b":{"0":[0]},"fnMap":{"0":{"name":"(empty-report)","decl":{"start":{"line":1,"column":3355},"end":{"line":95,"column":1}},"loc":{"start":{"line":1,"column":3355},"end":{"line":95,"column":1}},"line":1}},"f":{"0":0}}
,"C:\\Users\\areeb\\Documents\\code\\ERP\\app\\frontend\\src\\components\\app\\StatCard.tsx": {"path":"C:\\Users\\areeb\\Documents\\code\\ERP\\app\\frontend\\src\\components\\app\\StatCard.tsx","all":true,"statementMap":{"0":{"start":{"line":1,"column":0},"end":{"line":1,"column":8}},"4":{"start":{"line":5,"column":0},"end":{"line":5,"column":49}},"5":{"start":{"line":6,"column":0},"end":{"line":6,"column":80}},"18":{"start":{"line":19,"column":0},"end":{"line":19,"column":78}},"19":{"start":{"line":20,"column":0},"end":{"line":20,"column":10}},"20":{"start":{"line":21,"column":0},"end":{"line":21,"column":10}},"21":{"start":{"line":22,"column":0},"end":{"line":22,"column":88}},"22":{"start":{"line":23,"column":0},"end":{"line":23,"column":70}},"23":{"start":{"line":24,"column":0},"end":{"line":24,"column":18}},"24":{"start":{"line":25,"column":0},"end":{"line":25,"column":24}},"25":{"start":{"line":26,"column":0},"end":{"line":26,"column":23}},"26":{"start":{"line":27,"column":0},"end":{"line":27,"column":21}},"27":{"start":{"line":28,"column":0},"end":{"line":28,"column":45}},"28":{"start":{"line":29,"column":0},"end":{"line":29,"column":12}},"30":{"start":{"line":31,"column":0},"end":{"line":31,"column":19}},"31":{"start":{"line":32,"column":0},"end":{"line":32,"column":19}},"32":{"start":{"line":33,"column":0},"end":{"line":33,"column":57}},"33":{"start":{"line":34,"column":0},"end":{"line":34,"column":19}},"34":{"start":{"line":35,"column":0},"end":{"line":35,"column":78}},"35":{"start":{"line":36,"column":0},"end":{"line":36,"column":17}},"36":{"start":{"line":37,"column":0},"end":{"line":37,"column":63}},"37":{"start":{"line":38,"column":0},"end":{"line":38,"column":30}},"38":{"start":{"line":39,"column":0},"end":{"line":39,"column":56}},"39":{"start":{"line":40,"column":0},"end":{"line":40,"column":52}},"40":{"start":{"line":41,"column":0},"end":{"line":41,"column":17}},"42":{"start":{"line":43,"column":0},"end":{"line":43,"column":33}},"43":{"start":{"line":44,"column":0},"end":{"line":44,"column":30}},"44":{"start":{"line":45,"column":0},"end":{"line":45,"column":43}},"45":{"start":{"line":46,"column":0},"end":{"line":46,"column":27}},"46":{"start":{"line":47,"column":0},"end":{"line":47,"column":34}},"47":{"start":{"line":48,"column":0},"end":{"line":48,"column":18}},"49":{"start":{"line":50,"column":0},"end":{"line":50,"column":30}},"50":{"start":{"line":51,"column":0},"end":{"line":51,"column":45}},"51":{"start":{"line":52,"column":0},"end":{"line":52,"column":27}},"52":{"start":{"line":53,"column":0},"end":{"line":53,"column":34}},"53":{"start":{"line":54,"column":0},"end":{"line":54,"column":18}},"55":{"start":{"line":56,"column":0},"end":{"line":56,"column":27}},"56":{"start":{"line":57,"column":0},"end":{"line":57,"column":19}},"57":{"start":{"line":58,"column":0},"end":{"line":58,"column":25}},"58":{"start":{"line":59,"column":0},"end":{"line":59,"column":14}},"60":{"start":{"line":61,"column":0},"end":{"line":61,"column":20}},"61":{"start":{"line":62,"column":0},"end":{"line":62,"column":11}},"63":{"start":{"line":64,"column":0},"end":{"line":64,"column":1}}},"s":{"0":0,"4":0,"5":0,"18":0,"19":0,"20":0,"21":0,"22":0,"23":0,"24":0,"25":0,"26":0,"27":0,"28":0,"30":0,"31":0,"32":0,"33":0,"34":0,"35":0,"36":0,"37":0,"38":0,"39":0,"40":0,"42":0,"43":0,"44":0,"45":0,"46":0,"47":0,"49":0,"50":0,"51":0,"52":0,"53":0,"55":0,"56":0,"57":0,"58":0,"60":0,"61":0,"63":0},"branchMap":{"0":{"type":"branch","line":1,"loc":{"start":{"line":1,"column":1778},"end":{"line":64,"column":1}},"locations":[{"start":{"line":1,"column":1778},"end":{"line":64,"column":1}}]}},"b":{"0":[0]},"fnMap":{"0":{"name":"(empty-report)","decl":{"start":{"line":1,"column":1778},"end":{"line":64,"column":1}},"loc":{"start":{"line":1,"column":1778},"end":{"line":64,"column":1}},"line":1}},"f":{"0":0}}
,"C:\\Users\\areeb\\Documents\\code\\ERP\\app\\frontend\\src\\components\\app\\TopBar.tsx": {"path":"C:\\Users\\areeb\\Documents\\code\\ERP\\app\\frontend\\src\\components\\app\\TopBar.tsx","all":true,"statementMap":{"0":{"start":{"line":1,"column":0},"end":{"line":1,"column":58}},"1":{"start":{"line":2,"column":0},"end":{"line":2,"column":49}},"2":{"start":{"line":3,"column":0},"end":{"line":3,"column":33}},"3":{"start":{"line":4,"column":0},"end":{"line":4,"column":64}},"4":{"start":{"line":5,"column":0},"end":{"line":5,"column":48}},"5":{"start":{"line":6,"column":0},"end":{"line":6,"column":8}},"13":{"start":{"line":14,"column":0},"end":{"line":14,"column":40}},"14":{"start":{"line":15,"column":0},"end":{"line":15,"column":44}},"15":{"start":{"line":16,"column":0},"end":{"line":16,"column":50}},"16":{"start":{"line":17,"column":0},"end":{"line":17,"column":58}},"18":{"start":{"line":19,"column":0},"end":{"line":19,"column":26}},"19":{"start":{"line":20,"column":0},"end":{"line":20,"column":69}},"20":{"start":{"line":21,"column":0},"end":{"line":21,"column":56}},"22":{"start":{"line":23,"column":0},"end":{"line":23,"column":21}},"23":{"start":{"line":24,"column":0},"end":{"line":24,"column":5}},"24":{"start":{"line":25,"column":0},"end":{"line":25,"column":32}},"25":{"start":{"line":26,"column":0},"end":{"line":26,"column":33}},"26":{"start":{"line":27,"column":0},"end":{"line":27,"column":33}},"27":{"start":{"line":28,"column":0},"end":{"line":28,"column":41}},"29":{"start":{"line":30,"column":0},"end":{"line":30,"column":10}},"30":{"start":{"line":31,"column":0},"end":{"line":31,"column":108}},"31":{"start":{"line":32,"column":0},"end":{"line":32,"column":47}},"32":{"start":{"line":33,"column":0},"end":{"line":33,"column":23}},"33":{"start":{"line":34,"column":0},"end":{"line":34,"column":12}},"35":{"start":{"line":36,"column":0},"end":{"line":36,"column":47}},"36":{"start":{"line":37,"column":0},"end":{"line":37,"column":15}},"37":{"start":{"line":38,"column":0},"end":{"line":38,"column":27}},"38":{"start":{"line":39,"column":0},"end":{"line":39,"column":79}},"39":{"start":{"line":40,"column":0},"end":{"line":40,"column":46}},"41":{"start":{"line":42,"column":0},"end":{"line":42,"column":46}},"42":{"start":{"line":43,"column":0},"end":{"line":43,"column":76}},"44":{"start":{"line":45,"column":0},"end":{"line":45,"column":17}},"45":{"start":{"line":46,"column":0},"end":{"line":46,"column":171}},"46":{"start":{"line":47,"column":0},"end":{"line":47,"column":47}},"47":{"start":{"line":48,"column":0},"end":{"line":48,"column":16}},"48":{"start":{"line":49,"column":0},"end":{"line":49,"column":17}},"50":{"start":{"line":51,"column":0},"end":{"line":51,"column":30}},"52":{"start":{"line":53,"column":0},"end":{"line":53,"column":53}},"53":{"start":{"line":54,"column":0},"end":{"line":54,"column":14}},"54":{"start":{"line":55,"column":0},"end":{"line":55,"column":65}},"55":{"start":{"line":56,"column":0},"end":{"line":56,"column":36}},"56":{"start":{"line":57,"column":0},"end":{"line":57,"column":12}},"57":{"start":{"line":58,"column":0},"end":{"line":58,"column":61}},"58":{"start":{"line":59,"column":0},"end":{"line":59,"column":14}},"60":{"start":{"line":61,"column":0},"end":{"line":61,"column":22}},"61":{"start":{"line":62,"column":0},"end":{"line":62,"column":31}},"62":{"start":{"line":63,"column":0},"end":{"line":63,"column":78}},"63":{"start":{"line":64,"column":0},"end":{"line":64,"column":42}},"64":{"start":{"line":65,"column":0},"end":{"line":65,"column":50}},"65":{"start":{"line":66,"column":0},"end":{"line":66,"column":23}},"66":{"start":{"line":67,"column":0},"end":{"line":67,"column":21}},"67":{"start":{"line":68,"column":0},"end":{"line":68,"column":32}},"68":{"start":{"line":69,"column":0},"end":{"line":69,"column":60}},"69":{"start":{"line":70,"column":0},"end":{"line":70,"column":55}},"70":{"start":{"line":71,"column":0},"end":{"line":71,"column":55}},"71":{"start":{"line":72,"column":0},"end":{"line":72,"column":72}},"72":{"start":{"line":73,"column":0},"end":{"line":73,"column":74}},"74":{"start":{"line":75,"column":0},"end":{"line":75,"column":20}},"75":{"start":{"line":76,"column":0},"end":{"line":76,"column":20}},"76":{"start":{"line":77,"column":0},"end":{"line":77,"column":32}},"77":{"start":{"line":78,"column":0},"end":{"line":78,"column":37}},"78":{"start":{"line":79,"column":0},"end":{"line":79,"column":56}},"79":{"start":{"line":80,"column":0},"end":{"line":80,"column":57}},"80":{"start":{"line":81,"column":0},"end":{"line":81,"column":37}},"81":{"start":{"line":82,"column":0},"end":{"line":82,"column":29}},"82":{"start":{"line":83,"column":0},"end":{"line":83,"column":67}},"83":{"start":{"line":84,"column":0},"end":{"line":84,"column":13}},"85":{"start":{"line":86,"column":0},"end":{"line":86,"column":31}},"86":{"start":{"line":87,"column":0},"end":{"line":87,"column":29}},"87":{"start":{"line":88,"column":0},"end":{"line":88,"column":67}},"88":{"start":{"line":89,"column":0},"end":{"line":89,"column":13}},"90":{"start":{"line":91,"column":0},"end":{"line":91,"column":31}},"91":{"start":{"line":92,"column":0},"end":{"line":92,"column":37}},"92":{"start":{"line":93,"column":0},"end":{"line":93,"column":29}},"93":{"start":{"line":94,"column":0},"end":{"line":94,"column":28}},"94":{"start":{"line":95,"column":0},"end":{"line":95,"column":69}},"96":{"start":{"line":97,"column":0},"end":{"line":97,"column":13}},"98":{"start":{"line":99,"column":0},"end":{"line":99,"column":31}},"99":{"start":{"line":100,"column":0},"end":{"line":100,"column":37}},"100":{"start":{"line":101,"column":0},"end":{"line":101,"column":56}},"101":{"start":{"line":102,"column":0},"end":{"line":102,"column":32}},"102":{"start":{"line":103,"column":0},"end":{"line":103,"column":23}},"103":{"start":{"line":104,"column":0},"end":{"line":104,"column":12}},"105":{"start":{"line":106,"column":0},"end":{"line":106,"column":68}},"106":{"start":{"line":107,"column":0},"end":{"line":107,"column":13}},"108":{"start":{"line":109,"column":0},"end":{"line":109,"column":1}}},"s":{"0":0,"1":0,"2":0,"3":0,"4":0,"5":0,"13":0,"14":0,"15":0,"16":0,"18":0,"19":0,"20":0,"22":0,"23":0,"24":0,"25":0,"26":0,"27":0,"29":0,"30":0,"31":0,"32":0,"33":0,"35":0,"36":0,"37":0,"38":0,"39":0,"41":0,"42":0,"44":0,"45":0,"46":0,"47":0,"48":0,"50":0,"52":0,"53":0,"54":0,"55":0,"56":0,"57":0,"58":0,"60":0,"61":0,"62":0,"63":0,"64":0,"65":0,"66":0,"67":0,"68":0,"69":0,"70":0,"71":0,"72":0,"74":0,"75":0,"76":0,"77":0,"78":0,"79":0,"80":0,"81":0,"82":0,"83":0,"85":0,"86":0,"87":0,"88":0,"90":0,"91":0,"92":0,"93":0,"94":0,"96":0,"98":0,"99":0,"100":0,"101":0,"102":0,"103":0,"105":0,"106":0,"108":0},"branchMap":{"0":{"type":"branch","line":1,"loc":{"start":{"line":1,"column":3898},"end":{"line":109,"column":1}},"locations":[{"start":{"line":1,"column":3898},"end":{"line":109,"column":1}}]}},"b":{"0":[0]},"fnMap":{"0":{"name":"(empty-report)","decl":{"start":{"line":1,"column":3898},"end":{"line":109,"column":1}},"loc":{"start":{"line":1,"column":3898},"end":{"line":109,"column":1}},"line":1}},"f":{"0":0}}
,"C:\\Users\\areeb\\Documents\\code\\ERP\\app\\frontend\\src\\components\\app\\navigation.ts": {"path":"C:\\Users\\areeb\\Documents\\code\\ERP\\app\\frontend\\src\\components\\app\\navigation.ts","all":true,"statementMap":{"12":{"start":{"line":13,"column":0},"end":{"line":13,"column":52}},"13":{"start":{"line":14,"column":0},"end":{"line":14,"column":3}},"14":{"start":{"line":15,"column":0},"end":{"line":15,"column":21}},"15":{"start":{"line":16,"column":0},"end":{"line":16,"column":12}},"16":{"start":{"line":17,"column":0},"end":{"line":17,"column":7}},"17":{"start":{"line":18,"column":0},"end":{"line":18,"column":26}},"18":{"start":{"line":19,"column":0},"end":{"line":19,"column":27}},"19":{"start":{"line":20,"column":0},"end":{"line":20,"column":21}},"20":{"start":{"line":21,"column":0},"end":{"line":21,"column":8}},"21":{"start":{"line":22,"column":0},"end":{"line":22,"column":6}},"22":{"start":{"line":23,"column":0},"end":{"line":23,"column":4}},"23":{"start":{"line":24,"column":0},"end":{"line":24,"column":3}},"24":{"start":{"line":25,"column":0},"end":{"line":25,"column":20}},"25":{"start":{"line":26,"column":0},"end":{"line":26,"column":12}},"26":{"start":{"line":27,"column":0},"end":{"line":27,"column":7}},"27":{"start":{"line":28,"column":0},"end":{"line":28,"column":25}},"28":{"start":{"line":29,"column":0},"end":{"line":29,"column":26}},"29":{"start":{"line":30,"column":0},"end":{"line":30,"column":26}},"30":{"start":{"line":31,"column":0},"end":{"line":31,"column":69}},"31":{"start":{"line":32,"column":0},"end":{"line":32,"column":8}},"32":{"start":{"line":33,"column":0},"end":{"line":33,"column":6}},"33":{"start":{"line":34,"column":0},"end":{"line":34,"column":4}},"34":{"start":{"line":35,"column":0},"end":{"line":35,"column":3}},"35":{"start":{"line":36,"column":0},"end":{"line":36,"column":23}},"36":{"start":{"line":37,"column":0},"end":{"line":37,"column":12}},"37":{"start":{"line":38,"column":0},"end":{"line":38,"column":7}},"38":{"start":{"line":39,"column":0},"end":{"line":39,"column":26}},"39":{"start":{"line":40,"column":0},"end":{"line":40,"column":27}},"40":{"start":{"line":41,"column":0},"end":{"line":41,"column":20}},"41":{"start":{"line":42,"column":0},"end":{"line":42,"column":70}},"42":{"start":{"line":43,"column":0},"end":{"line":43,"column":8}},"43":{"start":{"line":44,"column":0},"end":{"line":44,"column":6}},"44":{"start":{"line":45,"column":0},"end":{"line":45,"column":4}},"45":{"start":{"line":46,"column":0},"end":{"line":46,"column":2}}},"s":{"12":0,"13":0,"14":0,"15":0,"16":0,"17":0,"18":0,"19":0,"20":0,"21":0,"22":0,"23":0,"24":0,"25":0,"26":0,"27":0,"28":0,"29":0,"30":0,"31":0,"32":0,"33":0,"34":0,"35":0,"36":0,"37":0,"38":0,"39":0,"40":0,"41":0,"42":0,"43":0,"44":0,"45":0},"branchMap":{"0":{"type":"branch","line":1,"loc":{"start":{"line":1,"column":900},"end":{"line":46,"column":2}},"locations":[{"start":{"line":1,"column":900},"end":{"line":46,"column":2}}]}},"b":{"0":[1]},"fnMap":{"0":{"name":"(empty-report)","decl":{"start":{"line":1,"column":900},"end":{"line":46,"column":2}},"loc":{"start":{"line":1,"column":900},"end":{"line":46,"column":2}},"line":1}},"f":{"0":1}}
,"C:\\Users\\areeb\\Documents\\code\\ERP\\app\\frontend\\src\\components\\ui\\alert-dialog.tsx": {"path":"C:\\Users\\areeb\\Documents\\code\\ERP\\app\\frontend\\src\\components\\ui\\alert-dialog.tsx","all":true,"statementMap":{"2":{"start":{"line":3,"column":0},"end":{"line":3,"column":82}},"4":{"start":{"line":5,"column":0},"end":{"line":5,"column":48}},"5":{"start":{"line":6,"column":0},"end":{"line":6,"column":33}},"7":{"start":{"line":8,"column":0},"end":{"line":8,"column":69}},"8":{"start":{"line":9,"column":0},"end":{"line":9,"column":75}},"9":{"start":{"line":10,"column":0},"end":{"line":10,"column":1}},"11":{"start":{"line":12,"column":0},"end":{"line":12,"column":79}},"12":{"start":{"line":13,"column":0},"end":{"line":13,"column":10}},"13":{"start":{"line":14,"column":0},"end":{"line":14,"column":80}},"15":{"start":{"line":16,"column":0},"end":{"line":16,"column":1}},"17":{"start":{"line":18,"column":0},"end":{"line":18,"column":77}},"18":{"start":{"line":19,"column":0},"end":{"line":19,"column":10}},"19":{"start":{"line":20,"column":0},"end":{"line":20,"column":78}},"21":{"start":{"line":22,"column":0},"end":{"line":22,"column":1}},"23":{"start":{"line":24,"column":0},"end":{"line":24,"column":29}},"24":{"start":{"line":25,"column":0},"end":{"line":25,"column":12}},"25":{"start":{"line":26,"column":0},"end":{"line":26,"column":10}},"26":{"start":{"line":27,"column":0},"end":{"line":27,"column":41}},"27":{"start":{"line":28,"column":0},"end":{"line":28,"column":10}},"28":{"start":{"line":29,"column":0},"end":{"line":29,"column":34}},"29":{"start":{"line":30,"column":0},"end":{"line":30,"column":38}},"30":{"start":{"line":31,"column":0},"end":{"line":31,"column":20}},"31":{"start":{"line":32,"column":0},"end":{"line":32,"column":192}},"32":{"start":{"line":33,"column":0},"end":{"line":33,"column":17}},"33":{"start":{"line":34,"column":0},"end":{"line":34,"column":8}},"34":{"start":{"line":35,"column":0},"end":{"line":35,"column":16}},"35":{"start":{"line":36,"column":0},"end":{"line":36,"column":6}},"37":{"start":{"line":38,"column":0},"end":{"line":38,"column":1}},"39":{"start":{"line":40,"column":0},"end":{"line":40,"column":29}},"40":{"start":{"line":41,"column":0},"end":{"line":41,"column":12}},"41":{"start":{"line":42,"column":0},"end":{"line":42,"column":19}},"42":{"start":{"line":43,"column":0},"end":{"line":43,"column":10}},"43":{"start":{"line":44,"column":0},"end":{"line":44,"column":39}},"45":{"start":{"line":46,"column":0},"end":{"line":46,"column":4}},"46":{"start":{"line":47,"column":0},"end":{"line":47,"column":10}},"47":{"start":{"line":48,"column":0},"end":{"line":48,"column":23}},"48":{"start":{"line":49,"column":0},"end":{"line":49,"column":28}},"49":{"start":{"line":50,"column":0},"end":{"line":50,"column":33}},"50":{"start":{"line":51,"column":0},"end":{"line":51,"column":40}},"51":{"start":{"line":52,"column":0},"end":{"line":52,"column":24}},"52":{"start":{"line":53,"column":0},"end":{"line":53,"column":22}},"53":{"start":{"line":54,"column":0},"end":{"line":54,"column":418}},"54":{"start":{"line":55,"column":0},"end":{"line":55,"column":19}},"55":{"start":{"line":56,"column":0},"end":{"line":56,"column":10}},"56":{"start":{"line":57,"column":0},"end":{"line":57,"column":18}},"57":{"start":{"line":58,"column":0},"end":{"line":58,"column":8}},"58":{"start":{"line":59,"column":0},"end":{"line":59,"column":24}},"60":{"start":{"line":61,"column":0},"end":{"line":61,"column":1}},"62":{"start":{"line":63,"column":0},"end":{"line":63,"column":28}},"63":{"start":{"line":64,"column":0},"end":{"line":64,"column":12}},"64":{"start":{"line":65,"column":0},"end":{"line":65,"column":10}},"65":{"start":{"line":66,"column":0},"end":{"line":66,"column":33}},"66":{"start":{"line":67,"column":0},"end":{"line":67,"column":10}},"67":{"start":{"line":68,"column":0},"end":{"line":68,"column":8}},"68":{"start":{"line":69,"column":0},"end":{"line":69,"column":37}},"69":{"start":{"line":70,"column":0},"end":{"line":70,"column":20}},"70":{"start":{"line":71,"column":0},"end":{"line":71,"column":413}},"71":{"start":{"line":72,"colum
[...]
"column":0},"end":{"line":31,"column":4}},"32":{"start":{"line":33,"column":0},"end":{"line":33,"column":27}},"33":{"start":{"line":34,"column":0},"end":{"line":34,"column":9}},"34":{"start":{"line":35,"column":0},"end":{"line":35,"column":16}},"35":{"start":{"line":36,"column":0},"end":{"line":36,"column":37}},"36":{"start":{"line":37,"column":0},"end":{"line":37,"column":23}},"37":{"start":{"line":38,"column":0},"end":{"line":38,"column":7}},"38":{"start":{"line":39,"column":0},"end":{"line":39,"column":4}},"40":{"start":{"line":41,"column":0},"end":{"line":41,"column":30}},"41":{"start":{"line":42,"column":0},"end":{"line":42,"column":34}},"44":{"start":{"line":45,"column":0},"end":{"line":45,"column":50}},"45":{"start":{"line":46,"column":0},"end":{"line":46,"column":68}},"46":{"start":{"line":47,"column":0},"end":{"line":47,"column":54}},"47":{"start":{"line":48,"column":0},"end":{"line":48,"column":42}},"48":{"start":{"line":49,"column":0},"end":{"line":49,"column":4}},"50":{"start":{"line":51,"column":0},"end":{"line":51,"column":22}},"51":{"start":{"line":52,"column":0},"end":{"line":52,"column":38}},"52":{"start":{"line":53,"column":0},"end":{"line":53,"column":4}},"53":{"start":{"line":54,"column":0},"end":{"line":54,"column":4}}},"s":{"0":1,"18":1,"19":2,"20":2,"21":2,"23":2,"24":8,"25":8,"26":8,"27":8,"28":8,"29":8,"30":8,"32":2,"33":12,"34":12,"35":12,"36":12,"37":12,"38":12,"40":2,"41":8,"44":8,"45":8,"46":8,"47":5,"48":8,"50":2,"51":2,"52":2,"53":1},"branchMap":{"0":{"type":"branch","line":19,"loc":{"start":{"line":19,"column":60},"end":{"line":54,"column":2}},"locations":[{"start":{"line":19,"column":60},"end":{"line":54,"column":2}}]},"1":{"type":"branch","line":24,"loc":{"start":{"line":24,"column":18},"end":{"line":31,"column":4}},"locations":[{"start":{"line":24,"column":18},"end":{"line":31,"column":4}}]},"2":{"type":"branch","line":28,"loc":{"start":{"line":28,"column":31},"end":{"line":28,"column":51}},"locations":[{"start":{"line":28,"column":31},"end":{"line":28,"column":51}}]},"3":{"type":"branch","line":28,"loc":{"start":{"line":28,"column":37},"end":{"line":28,"column":72}},"locations":[{"start":{"line":28,"column":37},"end":{"line":28,"column":72}}]},"4":{"type":"branch","line":33,"loc":{"start":{"line":33,"column":20},"end":{"line":39,"column":4}},"locations":[{"start":{"line":33,"column":20},"end":{"line":39,"column":4}}]},"5":{"type":"branch","line":41,"loc":{"start":{"line":41,"column":7},"end":{"line":49,"column":4}},"locations":[{"start":{"line":41,"column":7},"end":{"line":49,"column":4}}]},"6":{"type":"branch","line":46,"loc":{"start":{"line":46,"column":27},"end":{"line":46,"column":56}},"locations":[{"start":{"line":46,"column":27},"end":{"line":46,"column":56}}]},"7":{"type":"branch","line":46,"loc":{"start":{"line":46,"column":56},"end":{"line":46,"column":68}},"locations":[{"start":{"line":46,"column":56},"end":{"line":46,"column":68}}]},"8":{"type":"branch","line":46,"loc":{"start":{"line":46,"column":63},"end":{"line":47,"column":49}},"locations":[{"start":{"line":46,"column":63},"end":{"line":47,"column":49}}]},"9":{"type":"branch","line":47,"loc":{"start":{"line":47,"column":42},"end":{"line":47,"column":54}},"locations":[{"start":{"line":47,"column":42},"end":{"line":47,"column":54}}]},"10":{"type":"branch","line":47,"loc":{"start":{"line":47,"column":49},"end":{"line":48,"column":42}},"locations":[{"start":{"line":47,"column":49},"end":{"line":48,"column":42}}]},"11":{"type":"branch","line":51,"loc":{"start":{"line":51,"column":11},"end":{"line":53,"column":4}},"locations":[{"start":{"line":51,"column":11},"end":{"line":53,"column":4}}]}},"b":{"0":[2],"1":[8],"2":[1],"3":[7],"4":[12],"5":[8],"6":[7],"7":[2],"8":[6],"9":[1],"10":[5],"11":[2]},"fnMap":{"0":{"name":"setPermissions","decl":{"start":{"line":24,"column":18},"end":{"line":31,"column":4}},"loc":{"start":{"line":24,"column":18},"end":{"line":31,"column":4}},"line":24},"1":{"name":"clearPermissions","decl":{"start":{"line":33,"column":20},"end":{"line":39,"column":4}},"loc":{"start":{"line":33,"column":20},"end":{"line":39,"column":4}},"line":33},"2":{"name":"can","decl":{"start":{"line":41,"column":7},"end":{"line":49,"column":4}},"loc":{"start":{"line":41,"column":7},"end":{"line":49,"column":4}},"line":41},"3":{"name":"hasRole","decl":{"start":{"line":51,"column":11},"end":{"line":53,"column":4}},"loc":{"start":{"line":51,"column":11},"end":{"line":53,"column":4}},"line":51}},"f":{"0":8,"1":12,"2":8,"3":2}}
,"C:\\Users\\areeb\\Documents\\code\\ERP\\app\\frontend\\src\\store\\tenant.ts": {"path":"C:\\Users\\areeb\\Documents\\code\\ERP\\app\\frontend\\src\\store\\tenant.ts","all":false,"statementMap":{"0":{"start":{"line":1,"column":0},"end":{"line":1,"column":33}},"25":{"start":{"line":26,"column":0},"end":{"line":26,"column":61}},"26":{"start":{"line":27,"column":0},"end":{"line":27,"column":15}},"27":{"start":{"line":28,"column":0},"end":{"line":28,"column":25}},"28":{"start":{"line":29,"column":0},"end":{"line":29,"column":22}},"29":{"start":{"line":30,"column":0},"end":{"line":30,"column":15}},"30":{"start":{"line":31,"column":0},"end":{"line":31,"column":26}},"31":{"start":{"line":32,"column":0},"end":{"line":32,"column":14}},"33":{"start":{"line":34,"column":0},"end":{"line":34,"column":26}},"34":{"start":{"line":35,"column":0},"end":{"line":35,"column":9}},"35":{"start":{"line":36,"column":0},"end":{"line":36,"column":13}},"36":{"start":{"line":37,"column":0},"end":{"line":37,"column":48}},"37":{"start":{"line":38,"column":0},"end":{"line":38,"column":42}},"38":{"start":{"line":39,"column":0},"end":{"line":39,"column":28}},"39":{"start":{"line":40,"column":0},"end":{"line":40,"column":50}},"40":{"start":{"line":41,"column":0},"end":{"line":41,"column":34}},"41":{"start":{"line":42,"column":0},"end":{"line":42,"column":7}},"42":{"start":{"line":43,"column":0},"end":{"line":43,"column":4}},"44":{"start":{"line":45,"column":0},"end":{"line":45,"column":22}},"45":{"start":{"line":46,"column":0},"end":{"line":46,"column":9}},"46":{"start":{"line":47,"column":0},"end":{"line":47,"column":19}},"47":{"start":{"line":48,"column":0},"end":{"line":48,"column":29}},"48":{"start":{"line":49,"column":0},"end":{"line":49,"column":26}},"49":{"start":{"line":50,"column":0},"end":{"line":50,"column":19}},"50":{"start":{"line":51,"column":0},"end":{"line":51,"column":30}},"51":{"start":{"line":52,"column":0},"end":{"line":52,"column":18}},"52":{"start":{"line":53,"column":0},"end":{"line":53,"column":7}},"53":{"start":{"line":54,"column":0},"end":{"line":54,"column":4}},"54":{"start":{"line":55,"column":0},"end":{"line":55,"column":4}}},"s":{"0":1,"25":1,"26":1,"27":1,"28":1,"29":1,"30":1,"31":1,"33":1,"34":2,"35":2,"36":2,"37":2,"38":2,"39":2,"40":2,"41":2,"42":2,"44":1,"45":3,"46":3,"47":3,"48":3,"49":3,"50":3,"51":3,"52":3,"53":3,"54":1},"branchMap":{"0":{"type":"branch","line":26,"loc":{"start":{"line":26,"column":50},"end":{"line":55,"column":2}},"locations":[{"start":{"line":26,"column":50},"end":{"line":55,"column":2}}]},"1":{"type":"branch","line":34,"loc":{"start":{"line":34,"column":13},"end":{"line":43,"column":4}},"locations":[{"start":{"line":34,"column":13},"end":{"line":43,"column":4}}]},"2":{"type":"branch","line":41,"loc":{"start":{"line":41,"column":20},"end":{"line":41,"column":34}},"locations":[{"start":{"line":41,"column":20},"end":{"line":41,"column":34}}]},"3":{"type":"branch","line":45,"loc":{"start":{"line":45,"column":15},"end":{"line":54,"column":4}},"locations":[{"start":{"line":45,"column":15},"end":{"line":54,"column":4}}]}},"b":{"0":[1],"1":[2],"2":[1],"3":[3]},"fnMap":{"0":{"name":"setTenant","decl":{"start":{"line":34,"column":13},"end":{"line":43,"column":4}},"loc":{"start":{"line":34,"column":13},"end":{"line":43,"column":4}},"line":34},"1":{"name":"clearTenant","decl":{"start":{"line":45,"column":15},"end":{"line":54,"column":4}},"loc":{"start":{"line":45,"column":15},"end":{"line":54,"column":4}},"line":45}},"f":{"0":2,"1":3}}
,"C:\\Users\\areeb\\Documents\\code\\ERP\\app\\frontend\\src\\store\\ui.ts": {"path":"C:\\Users\\areeb\\Documents\\code\\ERP\\app\\frontend\\src\\store\\ui.ts","all":false,"statementMap":{"0":{"start":{"line":1,"column":0},"end":{"line":1,"column":33}},"1":{"start":{"line":2,"column":0},"end":{"line":2,"column":64}},"3":{"start":{"line":4,"column":0},"end":{"line":4,"column":70}},"40":{"start":{"line":41,"column":0},"end":{"line":41,"column":44}},"41":{"start":{"line":42,"column":0},"end":{"line":42,"column":10}},"42":{"start":{"line":43,"column":0},"end":{"line":43,"column":20}},"43":{"start":{"line":44,"column":0},"end":{"line":44,"column":30}},"44":{"start":{"line":45,"column":0},"end":{"line":45,"column":26}},"45":{"start":{"line":46,"column":0},"end":{"line":46,"column":19}},"46":{"start":{"line":47,"column":0},"end":{"line":47,"column":32}},"47":{"start":{"line":48,"column":0},"end":{"line":48,"column":24}},"48":{"start":{"line":49,"column":0},"end":{"line":49,"column":36}},"50":{"start":{"line":51,"column":0},"end":{"line":51,"column":78}},"52":{"start":{"line":53,"column":0},"end":{"line":53,"column":31}},"53":{"start":{"line":54,"column":0},"end":{"line":54,"column":33}},"54":{"start":{"line":55,"column":0},"end":{"line":55,"column":44}},"55":{"start":{"line":56,"column":0},"end":{"line":56,"column":24}},"56":{"start":{"line":57,"column":0},"end":{"line":57,"column":30}},"57":{"start":{"line":58,"column":0},"end":{"line":58,"column":33}},"58":{"start":{"line":59,"column":0},"end":{"line":59,"column":73}},"60":{"start":{"line":61,"column":0},"end":{"line":61,"column":23}},"61":{"start":{"line":62,"column":0},"end":{"line":62,"column":59}},"62":{"start":{"line":63,"column":0},"end":{"line":63,"column":18}},"63":{"start":{"line":64,"column":0},"end":{"line":64,"column":62}},"64":{"start":{"line":65,"column":0},"end":{"line":65,"column":11}},"65":{"start":{"line":66,"column":0},"end":{"line":66,"column":9}},"66":{"start":{"line":67,"column":0},"end":{"line":67,"column":8}},"68":{"start":{"line":69,"column":0},"end":{"line":69,"column":30}},"69":{"start":{"line":70,"column":0},"end":{"line":70,"column":24}},"71":{"start":{"line":72,"column":0},"end":{"line":72,"column":42}},"72":{"start":{"line":73,"column":0},"end":{"line":73,"column":8}},"74":{"start":{"line":75,"column":0},"end":{"line":75,"column":42}},"75":{"start":{"line":76,"column":0},"end":{"line":76,"column":24}},"76":{"start":{"line":77,"column":0},"end":{"line":77,"column":42}},"77":{"start":{"line":78,"column":0},"end":{"line":78,"column":28}},"78":{"start":{"line":79,"column":0},"end":{"line":79,"column":36}},"79":{"start":{"line":80,"column":0},"end":{"line":80,"column":48}},"80":{"start":{"line":81,"column":0},"end":{"line":81,"column":24}},"81":{"start":{"line":82,"column":0},"end":{"line":82,"column":12}},"82":{"start":{"line":83,"column":0},"end":{"line":83,"column":76}},"83":{"start":{"line":84,"column":0},"end":{"line":84,"column":14}},"84":{"start":{"line":85,"column":0},"end":{"line":85,"column":15}},"85":{"start":{"line":86,"column":0},"end":{"line":86,"column":12}},"86":{"start":{"line":87,"column":0},"end":{"line":87,"column":53}},"87":{"start":{"line":88,"column":0},"end":{"line":88,"column":11}},"88":{"start":{"line":89,"column":0},"end":{"line":89,"column":8}},"90":{"start":{"line":91,"column":0},"end":{"line":91,"column":36}},"91":{"start":{"line":92,"column":0},"end":{"line":92,"column":25}},"92":{"start":{"line":93,"column":0},"end":{"line":93,"column":72}},"93":{"start":{"line":94,"column":0},"end":{"line":94,"column":12}},"94":{"start":{"line":95,"column":0},"end":{"line":95,"column":8}},"96":{"start":{"line":97,"column":0},"end":{"line":97,"column":39}},"97":{"start":{"line":98,"column":0},"end":{"line":98,"column":25}},"98":{"start":{"line":99,"column":0},"end":{"line":99,"column":80}},"99":{"start":{"line":100,"column":0},"end":{"line":100,"column":12}},"100":{"start":{"line":101,"column":0},"end":{"line":101,"column":8}},"102":{"start":{"line":103,"column":0},"end":{"line":103,"column":73}},"103":{"start":{"line":104,"column":0},"end":{"line":104,"column":73}},"104":{"start":{"line":105,"column":0},"end":{"line":105,"column":7}},"105":{"start":{"line":106,"column":0},"end":{"line":106,"column":5}},"106":{"start":{"line":107,"column":0},"end":{"line":107,"column":23}},"107":{"start":{"line":108,"column":0},"end":{"line":108,"column":53}},"108":{"start":{"line":109,"column":0},"end":{"line":109,"column":31}},"109":{"start":{"line":110,"column":0},"end":{"line":110,"column":49}},"110":{"start":{"line":111,"column":0},"end":{"line":111,"column":35}},"111":{"start":{"line":112,"column":0},"end":{"line":112,"column":29}},"112":{"start":{"line":113,"column":0},"end":{"line":113,"column":9}},"113":{"start":{"line":114,"column":0},"end":{"line":114,"column":5}},"114":{"start":{"line":115,"column":0},"end":{"line":115,"column":3}},"115":{"start":{"line":116,"column":0},"end":{"line":116,"column":2}}},"s":{"0":1,"1":1,"3":1,"40":1,"41":1,"42":1,"43":3,"44":3,"45":3,"46":3,"47":3,"48":3,"50":3,"52":3,"53":3,"54":3,"55":3,"56":3,"57":2,"58":1,"60":3,"61":2,"62":3,"63":1,"64":1,"65":3,"66":3,"68":3,"69":1,"71":1,"72":1,"74":3,"75":107,"76":107,"77":107,"78":107,"79":107,"80":107,"81":107,"82":107,"83":107,"84":107,"85":107,"86":107,"87":107,"88":107,"90":3,"91":1,"92":1,"93":1,"94":1,"96":3,"97":1,"98":1,"99":1,"100":1,"102":3,"103":3,"104":3,"105":1,"106":1,"107":1,"108":1,"109":132,"110":132,"111":132,"112":132,"113":1,"114":1,"115":1},"branchMap":{"0":{"type":"branch","line":43,"loc":{"start":{"line":43,"column":4},"end":{"line":105,"column":7}},"locations":[{"start":{"line":43,"column":4},"end":{"line":105,"column":7}}]},"1":{"type":"branch","line":51,"loc":{"start":{"line":51,"column":21},"end":{"line":51,"column":78}},"locations":[{"start":{"line":51,"column":21},"end":{"line":51,"column":78}}]},"2":{"type":"branch","line":53,"loc":{"start":{"line":53,"column":20},"end":{"line":67,"column":8}},"locations":[{"start":{"line":53,"column":20},"end":{"line":67,"column":8}}]},"3":{"type":"branch","line":57,"loc":{"start":{"line":57,"column":21},"end":{"line":59,"column":73}},"locations":[{"start":{"line":57,"column":21},"end":{"line":59,"column":73}}]},"4":{"type":"branch","line":58,"loc":{"start":{"line":58,"column":22},"end":{"line":59,"column":73}},"locations":[{"start":{"line":58,"column":22},"end":{"line":59,"column":73}}]},"5":{"type":"branch","line":61,"loc":{"start":{"line":61,"column":22},"end":{"line":63,"column":17}},"locations":[{"start":{"line":61,"column":22},"end":{"line":63,"column":17}}]},"6":{"type":"branch","line":63,"loc":{"start":{"line":63,"column":10},"end":{"line":65,"column":11}},"locations":[{"start":{"line":63,"column":10},"end":{"line":65,"column":11}}]},"7":{"type":"branch","line":69,"loc":{"start":{"line":69,"column":17},"end":{"line":73,"column":8}},"locations":[{"start":{"line":69,"column":17},"end":{"line":73,"column":8}}]},"8":{"type":"branch","line":75,"loc":{"start":{"line":75,"column":23},"end":{"line":89,"column":8}},"locations":[{"start":{"line":75,"column":23},"end":{"line":89,"column":8}}]},"9":{"type":"branch","line":76,"loc":{"start":{"line":76,"column":12},"end":{"line":88,"column":9}},"locations":[{"start":{"line":76,"column":12},"end":{"line":88,"column":9}}]},"10":{"type":"branch","line":91,"loc":{"start":{"line":91,"column":27},"end":{"line":95,"column":8}},"locations":[{"start":{"line":91,"column":27},"end":{"line":95,"column":8}}]},"11":{"type":"branch","line":92,"loc":{"start":{"line":92,"column":12},"end":{"line":94,"column":10}},"locations":[{"start":{"line":92,"column":12},"end":{"line":94,"column":10}}]},"12":{"type":"branch","line":93,"loc":{"start":{"line":93,"column":52},"end":{"line":93,"column":70}},"locations":[{"start":{"line":93,"column":52},"end":{"line":93,"column":70}}]},"13":{"type":"branch","line":97,"loc":{"start":{"line":97,"column":32},"end":{"line":101,"column":8}},"locations":[{"start":{"line":97,"column":32},"end":{"line":101,"column":8}}]},"14":{"type":"branch","line":98,"loc":{"start":{"line":98,"column":12},"end":{"line":100,"column":10}},"locations":[{"start":{"line":98,"column":12},"end":{"line":100,"column":10}}]},"15":{"type":"branch","line":99,"loc":{"start":{"line":99,"column":49},"end":{"line":99,"column":78}},"locations":[{"start":{"line":99,"column":49},"end":{"line":99,"column":78}}]},"16":{"type":"branch","line":103,"loc":{"start":{"line":103,"column":27},"end":{"line":103,"column":73}},"locations":[{"start":{"line":103,"column":27},"end":{"line":103,"column":73}}]},"17":{"type":"branch","line":104,"loc":{"start":{"line":104,"column":29},"end":{"line":104,"column":73}},"locations":[{"start":{"line":104,"column":29},"end":{"line":104,"column":73}}]},"18":{"type":"branch","line":108,"loc":{"start":{"line":108,"column":33},"end":{"line":108,"column":51}},"locations":[{"start":{"line":108,"column":33},"end":{"line":108,"column":51}}]},"19":{"type":"branch","line":109,"loc":{"start":{"line":109,"column":18},"end":{"line":113,"column":9}},"locations":[{"start":{"line":109,"column":18},"end":{"line":113,"column":9}}]}},"b":{"0":[3],"1":[1],"2":[3],"3":[2],"4":[1],"5":[2],"6":[1],"7":[1],"8":[107],"9":[107],"10":[1],"11":[1],"12":[1],"13":[1],"14":[1],"15":[1],"16":[4],"17":[1],"18":[3],"19":[132]},"fnMap":{"0":{"name":"useUIStore.name","decl":{"start":{"line":43,"column":4},"end":{"line":105,"column":7}},"loc":{"start":{"line":43,"column":4},"end":{"line":105,"column":7}},"line":43},"1":{"name":"toggleSidebar","decl":{"start":{"line":51,"column":21},"end":{"line":51,"column":78}},"loc":{"start":{"line":51,"column":21},"end":{"line":51,"column":78}},"line":51},"2":{"name":"setColorMode","decl":{"start":{"line":53,"column":20},"end":{"line":67,"column":8}},"loc":{"start":{"line":53,"column":20},"end":{"line":67,"column":8}},"line":53},"3":{"name":"setLocale","decl":{"start":{"line":69,"column":17},"end":{"line":73,"column":8}},"loc":{"start":{"line":69,"column":17},"end":{"line":73,"column":8}},"line":69},"4":{"name":"addNotification","decl":{"start":{"line":75,"column":23},"end":{"line":89,"column":8}},"loc":{"start":{"line":75,"column":23},"end":{"line":89,"column":8}},"line":75},"5":{"name":"dismissNotification","decl":{"start":{"line":91,"column":27},"end":{"line":95,"column":8}},"loc":{"start":{"line":91,"column":27},"end":{"line":95,"column":8}},"line":91},"6":{"name":"markAllNotificationsRead","decl":{"start":{"line":97,"column":32},"end":{"line":101,"column":8}},"loc":{"start":{"line":97,"column":32},"end":{"line":101,"column":8}},"line":97},"7":{"name":"setConnectionStatus","decl":{"start":{"line":103,"column":27},"end":{"line":103,"column":73}},"loc":{"start":{"line":103,"column":27},"end":{"line":103,"column":73}},"line":103},"8":{"name":"setCommandPaletteOpen","decl":{"start":{"line":104,"column":29},"end":{"line":104,"column":73}},"loc":{"start":{"line":104,"column":29},"end":{"line":104,"column":73}},"line":104},"9":{"name":"partialize","decl":{"start":{"line":109,"column":18},"end":{"line":113,"column":9}},"loc":{"start":{"line":109,"column":18},"end":{"line":113,"column":9}},"line":109}},"f":{"0":3,"1":1,"2":3,"3":1,"4":107,"5":1,"6":1,"7":4,"8":1,"9":132}}
,"C:\\Users\\areeb\\Documents\\code\\ERP\\app\\frontend\\src\\test\\server.ts": {"path":"C:\\Users\\areeb\\Documents\\code\\ERP\\app\\frontend\\src\\test\\server.ts","all":true,"statementMap":{"0":{"start":{"line":1,"column":0},"end":{"line":1,"column":39}},"2":{"start":{"line":3,"column":0},"end":{"line":3,"column":36}}},"s":{"0":0,"2":0},"branchMap":{"0":{"type":"branch","line":1,"loc":{"start":{"line":1,"column":79},"end":{"line":3,"column":36}},"locations":[{"start":{"line":1,"column":79},"end":{"line":3,"column":36}}]}},"b":{"0":[0]},"fnMap":{"0":{"name":"(empty-report)","decl":{"start":{"line":1,"column":79},"end":{"line":3,"column":36}},"loc":{"start":{"line":1,"column":79},"end":{"line":3,"column":36}},"line":1}},"f":{"0":0}}
}
